[[32mINFO [m] 2019-06-25 16:42:08,222 GaokaoApplication.logStarting() - Starting GaokaoApplication on andrews-MacBook-Pro.local with PID 76370 (/Users/andrew/Desktop/personal/code/gaokao/target/classes started by andrew in /Users/andrew/Desktop/personal/code/gaokao)
[[32mINFO [m] 2019-06-25 16:42:08,227 GaokaoApplication.logStartupProfileInfo() - No active profile set, falling back to default profiles: default
[[32mINFO [m] 2019-06-25 16:42:08,257 DevToolsPropertyDefaultsPostProcessor.logTo() - Devtools property defaults active! Set 'spring.devtools.add-properties' to 'false' to disable
[[32mINFO [m] 2019-06-25 16:42:08,258 DevToolsPropertyDefaultsPostProcessor.logTo() - For additional web related logging consider setting the 'logging.level.web' property to 'DEBUG'
[[32mINFO [m] 2019-06-25 16:42:09,189 TomcatWebServer.initialize() - Tomcat initialized with port(s): 8080 (http)
[[32mINFO [m] 2019-06-25 16:42:09,205 Http11NioProtocol.log() - Initializing ProtocolHandler ["http-nio-8080"]
[[32mINFO [m] 2019-06-25 16:42:09,213 StandardService.log() - Starting service [Tomcat]
[[32mINFO [m] 2019-06-25 16:42:09,214 StandardEngine.log() - Starting Servlet engine: [Apache Tomcat/9.0.21]
[[32mINFO [m] 2019-06-25 16:42:09,281 [/].log() - Initializing Spring embedded WebApplicationContext
[[32mINFO [m] 2019-06-25 16:42:09,282 ContextLoader.prepareWebApplicationContext() - Root WebApplicationContext: initialization completed in 1024 ms
[[32mINFO [m] 2019-06-25 16:42:09,441 ThreadPoolTaskExecutor.initialize() - Initializing ExecutorService 'applicationTaskExecutor'
[[33mWARN [m] 2019-06-25 16:42:09,525 ThymeleafAutoConfiguration$DefaultTemplateResolverConfiguration.checkTemplateLocationExists() - Cannot find template location: classpath:/templates/ (please add some templates or check your Thymeleaf configuration)
[[32mINFO [m] 2019-06-25 16:42:09,669 OptionalLiveReloadServer.startServer() - LiveReload server is running on port 35729
[[32mINFO [m] 2019-06-25 16:42:09,692 Http11NioProtocol.log() - Starting ProtocolHandler ["http-nio-8080"]
[[32mINFO [m] 2019-06-25 16:42:09,725 TomcatWebServer.start() - Tomcat started on port(s): 8080 (http) with context path ''
[[32mINFO [m] 2019-06-25 16:42:09,730 GaokaoApplication.logStarted() - Started GaokaoApplication in 1.822 seconds (JVM running for 2.894)
[[32mINFO [m] 2019-06-25 16:42:21,274 [/].log() - Initializing Spring DispatcherServlet 'dispatcherServlet'
[[32mINFO [m] 2019-06-25 16:42:21,274 DispatcherServlet.initServletBean() - Initializing Servlet 'dispatcherServlet'
[[32mINFO [m] 2019-06-25 16:42:21,280 DispatcherServlet.initServletBean() - Completed initialization in 5 ms
[[32mINFO [m] 2019-06-25 16:42:21,295 Controller.writeYggkDataToCSV() - Processing url:https://gaokao.chsi.com.cn/sch/search--ss-on,searchType-1,option-qg,start-0.dhtml
[[1;31mERROR[m] 2019-06-25 16:42:36,632 Controller.writeYggkDataToCSV() - java.net.SocketTimeoutException: Read timed out
[[32mINFO [m] 2019-06-25 16:42:36,633 Controller.writeYggkDataToCSV() - Processing url:https://gaokao.chsi.com.cn/sch/search--ss-on,searchType-1,option-qg,start-20.dhtml
[[1;31mERROR[m] 2019-06-25 16:42:51,710 Controller.writeYggkDataToCSV() - java.net.SocketTimeoutException: Read timed out
[[32mINFO [m] 2019-06-25 16:42:51,711 Controller.writeYggkDataToCSV() - Processing url:https://gaokao.chsi.com.cn/sch/search--ss-on,searchType-1,option-qg,start-40.dhtml
[[1;31mERROR[m] 2019-06-25 16:43:06,802 Controller.writeYggkDataToCSV() - java.net.SocketTimeoutException: Read timed out
[[32mINFO [m] 2019-06-25 16:43:06,810 Util.savingToFile() - Successfully writing data to yggk.csv
[[32mINFO [m] 2019-06-25 16:43:50,442 Controller.writeYggkDataToCSV() - Processing url:https://gaokao.chsi.com.cn/sch/search--ss-on,searchType-1,option-qg,start-0.dhtml
[[32mINFO [m] 2019-06-25 16:43:52,806 Controller.writeYggkDataToCSV() - 院校名称,院校所在地,院校隶属,院校类型,学历层次,院校特性,是否有研究生院,满意度

[[32mINFO [m] 2019-06-25 16:43:52,809 Controller.writeYggkDataToCSV() - 院校名称,院校所在地,院校隶属,院校类型,学历层次,院校特性,是否有研究生院,满意度
北京大学,北京,教育部,综合,本科,985/211,有,4.7

[[32mINFO [m] 2019-06-25 16:43:52,810 Controller.writeYggkDataToCSV() - 院校名称,院校所在地,院校隶属,院校类型,学历层次,院校特性,是否有研究生院,满意度
北京大学,北京,教育部,综合,本科,985/211,有,4.7
中国人民大学,北京,教育部,综合,本科,985/211,有,4.8

[[32mINFO [m] 2019-06-25 16:43:52,810 Controller.writeYggkDataToCSV() - 院校名称,院校所在地,院校隶属,院校类型,学历层次,院校特性,是否有研究生院,满意度
北京大学,北京,教育部,综合,本科,985/211,有,4.7
中国人民大学,北京,教育部,综合,本科,985/211,有,4.8
清华大学,北京,教育部,工科,本科,985/211,有,4.8

[[32mINFO [m] 2019-06-25 16:43:52,811 Controller.writeYggkDataToCSV() - 院校名称,院校所在地,院校隶属,院校类型,学历层次,院校特性,是否有研究生院,满意度
北京大学,北京,教育部,综合,本科,985/211,有,4.7
中国人民大学,北京,教育部,综合,本科,985/211,有,4.8
清华大学,北京,教育部,工科,本科,985/211,有,4.8
北京交通大学,北京,教育部,工科,本科/高职(专科),,有,4.4

[[32mINFO [m] 2019-06-25 16:43:52,812 Controller.writeYggkDataToCSV() - 院校名称,院校所在地,院校隶属,院校类型,学历层次,院校特性,是否有研究生院,满意度
北京大学,北京,教育部,综合,本科,985/211,有,4.7
中国人民大学,北京,教育部,综合,本科,985/211,有,4.8
清华大学,北京,教育部,工科,本科,985/211,有,4.8
北京交通大学,北京,教育部,工科,本科/高职(专科),,有,4.4
北京工业大学,北京,北京市教育委员会,工科,本科/高职(专科),,,4.4

[[32mINFO [m] 2019-06-25 16:43:52,812 Controller.writeYggkDataToCSV() - 院校名称,院校所在地,院校隶属,院校类型,学历层次,院校特性,是否有研究生院,满意度
北京大学,北京,教育部,综合,本科,985/211,有,4.7
中国人民大学,北京,教育部,综合,本科,985/211,有,4.8
清华大学,北京,教育部,工科,本科,985/211,有,4.8
北京交通大学,北京,教育部,工科,本科/高职(专科),,有,4.4
北京工业大学,北京,北京市教育委员会,工科,本科/高职(专科),,,4.4
北京航空航天大学,北京,工业和信息化部,工科,本科,985/211,有,4.5

[[32mINFO [m] 2019-06-25 16:43:52,813 Controller.writeYggkDataToCSV() - 院校名称,院校所在地,院校隶属,院校类型,学历层次,院校特性,是否有研究生院,满意度
北京大学,北京,教育部,综合,本科,985/211,有,4.7
中国人民大学,北京,教育部,综合,本科,985/211,有,4.8
清华大学,北京,教育部,工科,本科,985/211,有,4.8
北京交通大学,北京,教育部,工科,本科/高职(专科),,有,4.4
北京工业大学,北京,北京市教育委员会,工科,本科/高职(专科),,,4.4
北京航空航天大学,北京,工业和信息化部,工科,本科,985/211,有,4.5
北京理工大学,北京,工业和信息化部,工科,本科,985/211,有,4.5

[[32mINFO [m] 2019-06-25 16:43:52,814 Controller.writeYggkDataToCSV() - 院校名称,院校所在地,院校隶属,院校类型,学历层次,院校特性,是否有研究生院,满意度
北京大学,北京,教育部,综合,本科,985/211,有,4.7
中国人民大学,北京,教育部,综合,本科,985/211,有,4.8
清华大学,北京,教育部,工科,本科,985/211,有,4.8
北京交通大学,北京,教育部,工科,本科/高职(专科),,有,4.4
北京工业大学,北京,北京市教育委员会,工科,本科/高职(专科),,,4.4
北京航空航天大学,北京,工业和信息化部,工科,本科,985/211,有,4.5
北京理工大学,北京,工业和信息化部,工科,本科,985/211,有,4.5
北京科技大学,北京,教育部,工科,本科/高职(专科),,有,4.5

[[32mINFO [m] 2019-06-25 16:43:52,815 Controller.writeYggkDataToCSV() - 院校名称,院校所在地,院校隶属,院校类型,学历层次,院校特性,是否有研究生院,满意度
北京大学,北京,教育部,综合,本科,985/211,有,4.7
中国人民大学,北京,教育部,综合,本科,985/211,有,4.8
清华大学,北京,教育部,工科,本科,985/211,有,4.8
北京交通大学,北京,教育部,工科,本科/高职(专科),,有,4.4
北京工业大学,北京,北京市教育委员会,工科,本科/高职(专科),,,4.4
北京航空航天大学,北京,工业和信息化部,工科,本科,985/211,有,4.5
北京理工大学,北京,工业和信息化部,工科,本科,985/211,有,4.5
北京科技大学,北京,教育部,工科,本科/高职(专科),,有,4.5
北方工业大学,北京,北京市教育委员会,工科,本科,,,4.5

[[32mINFO [m] 2019-06-25 16:43:52,815 Controller.writeYggkDataToCSV() - 院校名称,院校所在地,院校隶属,院校类型,学历层次,院校特性,是否有研究生院,满意度
北京大学,北京,教育部,综合,本科,985/211,有,4.7
中国人民大学,北京,教育部,综合,本科,985/211,有,4.8
清华大学,北京,教育部,工科,本科,985/211,有,4.8
北京交通大学,北京,教育部,工科,本科/高职(专科),,有,4.4
北京工业大学,北京,北京市教育委员会,工科,本科/高职(专科),,,4.4
北京航空航天大学,北京,工业和信息化部,工科,本科,985/211,有,4.5
北京理工大学,北京,工业和信息化部,工科,本科,985/211,有,4.5
北京科技大学,北京,教育部,工科,本科/高职(专科),,有,4.5
北方工业大学,北京,北京市教育委员会,工科,本科,,,4.5
北京化工大学,北京,教育部,工科,本科/高职(专科),,,4.1

[[32mINFO [m] 2019-06-25 16:43:52,816 Controller.writeYggkDataToCSV() - 院校名称,院校所在地,院校隶属,院校类型,学历层次,院校特性,是否有研究生院,满意度
北京大学,北京,教育部,综合,本科,985/211,有,4.7
中国人民大学,北京,教育部,综合,本科,985/211,有,4.8
清华大学,北京,教育部,工科,本科,985/211,有,4.8
北京交通大学,北京,教育部,工科,本科/高职(专科),,有,4.4
北京工业大学,北京,北京市教育委员会,工科,本科/高职(专科),,,4.4
北京航空航天大学,北京,工业和信息化部,工科,本科,985/211,有,4.5
北京理工大学,北京,工业和信息化部,工科,本科,985/211,有,4.5
北京科技大学,北京,教育部,工科,本科/高职(专科),,有,4.5
北方工业大学,北京,北京市教育委员会,工科,本科,,,4.5
北京化工大学,北京,教育部,工科,本科/高职(专科),,,4.1
北京工商大学,北京,北京市教育委员会,财经,本科,,,4.2

[[32mINFO [m] 2019-06-25 16:43:52,816 Controller.writeYggkDataToCSV() - 院校名称,院校所在地,院校隶属,院校类型,学历层次,院校特性,是否有研究生院,满意度
北京大学,北京,教育部,综合,本科,985/211,有,4.7
中国人民大学,北京,教育部,综合,本科,985/211,有,4.8
清华大学,北京,教育部,工科,本科,985/211,有,4.8
北京交通大学,北京,教育部,工科,本科/高职(专科),,有,4.4
北京工业大学,北京,北京市教育委员会,工科,本科/高职(专科),,,4.4
北京航空航天大学,北京,工业和信息化部,工科,本科,985/211,有,4.5
北京理工大学,北京,工业和信息化部,工科,本科,985/211,有,4.5
北京科技大学,北京,教育部,工科,本科/高职(专科),,有,4.5
北方工业大学,北京,北京市教育委员会,工科,本科,,,4.5
北京化工大学,北京,教育部,工科,本科/高职(专科),,,4.1
北京工商大学,北京,北京市教育委员会,财经,本科,,,4.2
北京服装学院,北京,北京市教育委员会,工科,本科,,,4.2

[[32mINFO [m] 2019-06-25 16:43:52,817 Controller.writeYggkDataToCSV() - 院校名称,院校所在地,院校隶属,院校类型,学历层次,院校特性,是否有研究生院,满意度
北京大学,北京,教育部,综合,本科,985/211,有,4.7
中国人民大学,北京,教育部,综合,本科,985/211,有,4.8
清华大学,北京,教育部,工科,本科,985/211,有,4.8
北京交通大学,北京,教育部,工科,本科/高职(专科),,有,4.4
北京工业大学,北京,北京市教育委员会,工科,本科/高职(专科),,,4.4
北京航空航天大学,北京,工业和信息化部,工科,本科,985/211,有,4.5
北京理工大学,北京,工业和信息化部,工科,本科,985/211,有,4.5
北京科技大学,北京,教育部,工科,本科/高职(专科),,有,4.5
北方工业大学,北京,北京市教育委员会,工科,本科,,,4.5
北京化工大学,北京,教育部,工科,本科/高职(专科),,,4.1
北京工商大学,北京,北京市教育委员会,财经,本科,,,4.2
北京服装学院,北京,北京市教育委员会,工科,本科,,,4.2
北京邮电大学,北京,教育部,工科,本科,,有,4.3

[[32mINFO [m] 2019-06-25 16:43:52,817 Controller.writeYggkDataToCSV() - 院校名称,院校所在地,院校隶属,院校类型,学历层次,院校特性,是否有研究生院,满意度
北京大学,北京,教育部,综合,本科,985/211,有,4.7
中国人民大学,北京,教育部,综合,本科,985/211,有,4.8
清华大学,北京,教育部,工科,本科,985/211,有,4.8
北京交通大学,北京,教育部,工科,本科/高职(专科),,有,4.4
北京工业大学,北京,北京市教育委员会,工科,本科/高职(专科),,,4.4
北京航空航天大学,北京,工业和信息化部,工科,本科,985/211,有,4.5
北京理工大学,北京,工业和信息化部,工科,本科,985/211,有,4.5
北京科技大学,北京,教育部,工科,本科/高职(专科),,有,4.5
北方工业大学,北京,北京市教育委员会,工科,本科,,,4.5
北京化工大学,北京,教育部,工科,本科/高职(专科),,,4.1
北京工商大学,北京,北京市教育委员会,财经,本科,,,4.2
北京服装学院,北京,北京市教育委员会,工科,本科,,,4.2
北京邮电大学,北京,教育部,工科,本科,,有,4.3
北京印刷学院,北京,北京市教育委员会,工科,本科/高职(专科),,,4.2

[[32mINFO [m] 2019-06-25 16:43:52,818 Controller.writeYggkDataToCSV() - 院校名称,院校所在地,院校隶属,院校类型,学历层次,院校特性,是否有研究生院,满意度
北京大学,北京,教育部,综合,本科,985/211,有,4.7
中国人民大学,北京,教育部,综合,本科,985/211,有,4.8
清华大学,北京,教育部,工科,本科,985/211,有,4.8
北京交通大学,北京,教育部,工科,本科/高职(专科),,有,4.4
北京工业大学,北京,北京市教育委员会,工科,本科/高职(专科),,,4.4
北京航空航天大学,北京,工业和信息化部,工科,本科,985/211,有,4.5
北京理工大学,北京,工业和信息化部,工科,本科,985/211,有,4.5
北京科技大学,北京,教育部,工科,本科/高职(专科),,有,4.5
北方工业大学,北京,北京市教育委员会,工科,本科,,,4.5
北京化工大学,北京,教育部,工科,本科/高职(专科),,,4.1
北京工商大学,北京,北京市教育委员会,财经,本科,,,4.2
北京服装学院,北京,北京市教育委员会,工科,本科,,,4.2
北京邮电大学,北京,教育部,工科,本科,,有,4.3
北京印刷学院,北京,北京市教育委员会,工科,本科/高职(专科),,,4.2
北京建筑大学,北京,北京市教育委员会,工科,本科,,,4.2

[[32mINFO [m] 2019-06-25 16:43:52,818 Controller.writeYggkDataToCSV() - 院校名称,院校所在地,院校隶属,院校类型,学历层次,院校特性,是否有研究生院,满意度
北京大学,北京,教育部,综合,本科,985/211,有,4.7
中国人民大学,北京,教育部,综合,本科,985/211,有,4.8
清华大学,北京,教育部,工科,本科,985/211,有,4.8
北京交通大学,北京,教育部,工科,本科/高职(专科),,有,4.4
北京工业大学,北京,北京市教育委员会,工科,本科/高职(专科),,,4.4
北京航空航天大学,北京,工业和信息化部,工科,本科,985/211,有,4.5
北京理工大学,北京,工业和信息化部,工科,本科,985/211,有,4.5
北京科技大学,北京,教育部,工科,本科/高职(专科),,有,4.5
北方工业大学,北京,北京市教育委员会,工科,本科,,,4.5
北京化工大学,北京,教育部,工科,本科/高职(专科),,,4.1
北京工商大学,北京,北京市教育委员会,财经,本科,,,4.2
北京服装学院,北京,北京市教育委员会,工科,本科,,,4.2
北京邮电大学,北京,教育部,工科,本科,,有,4.3
北京印刷学院,北京,北京市教育委员会,工科,本科/高职(专科),,,4.2
北京建筑大学,北京,北京市教育委员会,工科,本科,,,4.2
北京石油化工学院,北京,北京市教育委员会,工科,本科,,,3.8

[[32mINFO [m] 2019-06-25 16:43:52,818 Controller.writeYggkDataToCSV() - 院校名称,院校所在地,院校隶属,院校类型,学历层次,院校特性,是否有研究生院,满意度
北京大学,北京,教育部,综合,本科,985/211,有,4.7
中国人民大学,北京,教育部,综合,本科,985/211,有,4.8
清华大学,北京,教育部,工科,本科,985/211,有,4.8
北京交通大学,北京,教育部,工科,本科/高职(专科),,有,4.4
北京工业大学,北京,北京市教育委员会,工科,本科/高职(专科),,,4.4
北京航空航天大学,北京,工业和信息化部,工科,本科,985/211,有,4.5
北京理工大学,北京,工业和信息化部,工科,本科,985/211,有,4.5
北京科技大学,北京,教育部,工科,本科/高职(专科),,有,4.5
北方工业大学,北京,北京市教育委员会,工科,本科,,,4.5
北京化工大学,北京,教育部,工科,本科/高职(专科),,,4.1
北京工商大学,北京,北京市教育委员会,财经,本科,,,4.2
北京服装学院,北京,北京市教育委员会,工科,本科,,,4.2
北京邮电大学,北京,教育部,工科,本科,,有,4.3
北京印刷学院,北京,北京市教育委员会,工科,本科/高职(专科),,,4.2
北京建筑大学,北京,北京市教育委员会,工科,本科,,,4.2
北京石油化工学院,北京,北京市教育委员会,工科,本科,,,3.8
北京电子科技学院,北京,中共中央办公厅,工科,本科,,,4.8

[[32mINFO [m] 2019-06-25 16:43:52,819 Controller.writeYggkDataToCSV() - 院校名称,院校所在地,院校隶属,院校类型,学历层次,院校特性,是否有研究生院,满意度
北京大学,北京,教育部,综合,本科,985/211,有,4.7
中国人民大学,北京,教育部,综合,本科,985/211,有,4.8
清华大学,北京,教育部,工科,本科,985/211,有,4.8
北京交通大学,北京,教育部,工科,本科/高职(专科),,有,4.4
北京工业大学,北京,北京市教育委员会,工科,本科/高职(专科),,,4.4
北京航空航天大学,北京,工业和信息化部,工科,本科,985/211,有,4.5
北京理工大学,北京,工业和信息化部,工科,本科,985/211,有,4.5
北京科技大学,北京,教育部,工科,本科/高职(专科),,有,4.5
北方工业大学,北京,北京市教育委员会,工科,本科,,,4.5
北京化工大学,北京,教育部,工科,本科/高职(专科),,,4.1
北京工商大学,北京,北京市教育委员会,财经,本科,,,4.2
北京服装学院,北京,北京市教育委员会,工科,本科,,,4.2
北京邮电大学,北京,教育部,工科,本科,,有,4.3
北京印刷学院,北京,北京市教育委员会,工科,本科/高职(专科),,,4.2
北京建筑大学,北京,北京市教育委员会,工科,本科,,,4.2
北京石油化工学院,北京,北京市教育委员会,工科,本科,,,3.8
北京电子科技学院,北京,中共中央办公厅,工科,本科,,,4.8
中国农业大学,北京,教育部,农业,本科,985/211,有,4.7

[[32mINFO [m] 2019-06-25 16:43:52,819 Controller.writeYggkDataToCSV() - 院校名称,院校所在地,院校隶属,院校类型,学历层次,院校特性,是否有研究生院,满意度
北京大学,北京,教育部,综合,本科,985/211,有,4.7
中国人民大学,北京,教育部,综合,本科,985/211,有,4.8
清华大学,北京,教育部,工科,本科,985/211,有,4.8
北京交通大学,北京,教育部,工科,本科/高职(专科),,有,4.4
北京工业大学,北京,北京市教育委员会,工科,本科/高职(专科),,,4.4
北京航空航天大学,北京,工业和信息化部,工科,本科,985/211,有,4.5
北京理工大学,北京,工业和信息化部,工科,本科,985/211,有,4.5
北京科技大学,北京,教育部,工科,本科/高职(专科),,有,4.5
北方工业大学,北京,北京市教育委员会,工科,本科,,,4.5
北京化工大学,北京,教育部,工科,本科/高职(专科),,,4.1
北京工商大学,北京,北京市教育委员会,财经,本科,,,4.2
北京服装学院,北京,北京市教育委员会,工科,本科,,,4.2
北京邮电大学,北京,教育部,工科,本科,,有,4.3
北京印刷学院,北京,北京市教育委员会,工科,本科/高职(专科),,,4.2
北京建筑大学,北京,北京市教育委员会,工科,本科,,,4.2
北京石油化工学院,北京,北京市教育委员会,工科,本科,,,3.8
北京电子科技学院,北京,中共中央办公厅,工科,本科,,,4.8
中国农业大学,北京,教育部,农业,本科,985/211,有,4.7
北京农学院,北京,北京市教育委员会,农业,本科/高职(专科),,,3.9

[[32mINFO [m] 2019-06-25 16:43:52,820 Controller.writeYggkDataToCSV() - 院校名称,院校所在地,院校隶属,院校类型,学历层次,院校特性,是否有研究生院,满意度
北京大学,北京,教育部,综合,本科,985/211,有,4.7
中国人民大学,北京,教育部,综合,本科,985/211,有,4.8
清华大学,北京,教育部,工科,本科,985/211,有,4.8
北京交通大学,北京,教育部,工科,本科/高职(专科),,有,4.4
北京工业大学,北京,北京市教育委员会,工科,本科/高职(专科),,,4.4
北京航空航天大学,北京,工业和信息化部,工科,本科,985/211,有,4.5
北京理工大学,北京,工业和信息化部,工科,本科,985/211,有,4.5
北京科技大学,北京,教育部,工科,本科/高职(专科),,有,4.5
北方工业大学,北京,北京市教育委员会,工科,本科,,,4.5
北京化工大学,北京,教育部,工科,本科/高职(专科),,,4.1
北京工商大学,北京,北京市教育委员会,财经,本科,,,4.2
北京服装学院,北京,北京市教育委员会,工科,本科,,,4.2
北京邮电大学,北京,教育部,工科,本科,,有,4.3
北京印刷学院,北京,北京市教育委员会,工科,本科/高职(专科),,,4.2
北京建筑大学,北京,北京市教育委员会,工科,本科,,,4.2
北京石油化工学院,北京,北京市教育委员会,工科,本科,,,3.8
北京电子科技学院,北京,中共中央办公厅,工科,本科,,,4.8
中国农业大学,北京,教育部,农业,本科,985/211,有,4.7
北京农学院,北京,北京市教育委员会,农业,本科/高职(专科),,,3.9
北京林业大学,北京,教育部,林业,本科,,有,4.4

[[32mINFO [m] 2019-06-25 16:43:52,820 Controller.writeYggkDataToCSV() - Processing url:https://gaokao.chsi.com.cn/sch/search--ss-on,searchType-1,option-qg,start-20.dhtml
[[32mINFO [m] 2019-06-25 16:43:52,880 Controller.writeYggkDataToCSV() - 院校名称,院校所在地,院校隶属,院校类型,学历层次,院校特性,是否有研究生院,满意度
北京大学,北京,教育部,综合,本科,985/211,有,4.7
中国人民大学,北京,教育部,综合,本科,985/211,有,4.8
清华大学,北京,教育部,工科,本科,985/211,有,4.8
北京交通大学,北京,教育部,工科,本科/高职(专科),,有,4.4
北京工业大学,北京,北京市教育委员会,工科,本科/高职(专科),,,4.4
北京航空航天大学,北京,工业和信息化部,工科,本科,985/211,有,4.5
北京理工大学,北京,工业和信息化部,工科,本科,985/211,有,4.5
北京科技大学,北京,教育部,工科,本科/高职(专科),,有,4.5
北方工业大学,北京,北京市教育委员会,工科,本科,,,4.5
北京化工大学,北京,教育部,工科,本科/高职(专科),,,4.1
北京工商大学,北京,北京市教育委员会,财经,本科,,,4.2
北京服装学院,北京,北京市教育委员会,工科,本科,,,4.2
北京邮电大学,北京,教育部,工科,本科,,有,4.3
北京印刷学院,北京,北京市教育委员会,工科,本科/高职(专科),,,4.2
北京建筑大学,北京,北京市教育委员会,工科,本科,,,4.2
北京石油化工学院,北京,北京市教育委员会,工科,本科,,,3.8
北京电子科技学院,北京,中共中央办公厅,工科,本科,,,4.8
中国农业大学,北京,教育部,农业,本科,985/211,有,4.7
北京农学院,北京,北京市教育委员会,农业,本科/高职(专科),,,3.9
北京林业大学,北京,教育部,林业,本科,,有,4.4

[[32mINFO [m] 2019-06-25 16:43:52,881 Controller.writeYggkDataToCSV() - 院校名称,院校所在地,院校隶属,院校类型,学历层次,院校特性,是否有研究生院,满意度
北京大学,北京,教育部,综合,本科,985/211,有,4.7
中国人民大学,北京,教育部,综合,本科,985/211,有,4.8
清华大学,北京,教育部,工科,本科,985/211,有,4.8
北京交通大学,北京,教育部,工科,本科/高职(专科),,有,4.4
北京工业大学,北京,北京市教育委员会,工科,本科/高职(专科),,,4.4
北京航空航天大学,北京,工业和信息化部,工科,本科,985/211,有,4.5
北京理工大学,北京,工业和信息化部,工科,本科,985/211,有,4.5
北京科技大学,北京,教育部,工科,本科/高职(专科),,有,4.5
北方工业大学,北京,北京市教育委员会,工科,本科,,,4.5
北京化工大学,北京,教育部,工科,本科/高职(专科),,,4.1
北京工商大学,北京,北京市教育委员会,财经,本科,,,4.2
北京服装学院,北京,北京市教育委员会,工科,本科,,,4.2
北京邮电大学,北京,教育部,工科,本科,,有,4.3
北京印刷学院,北京,北京市教育委员会,工科,本科/高职(专科),,,4.2
北京建筑大学,北京,北京市教育委员会,工科,本科,,,4.2
北京石油化工学院,北京,北京市教育委员会,工科,本科,,,3.8
北京电子科技学院,北京,中共中央办公厅,工科,本科,,,4.8
中国农业大学,北京,教育部,农业,本科,985/211,有,4.7
北京农学院,北京,北京市教育委员会,农业,本科/高职(专科),,,3.9
北京林业大学,北京,教育部,林业,本科,,有,4.4
北京协和医学院(清华大学医学部),北京,国家卫生健康委员会,医药,本科/高职(专科),985/211,有,4.2

[[32mINFO [m] 2019-06-25 16:43:52,882 Controller.writeYggkDataToCSV() - 院校名称,院校所在地,院校隶属,院校类型,学历层次,院校特性,是否有研究生院,满意度
北京大学,北京,教育部,综合,本科,985/211,有,4.7
中国人民大学,北京,教育部,综合,本科,985/211,有,4.8
清华大学,北京,教育部,工科,本科,985/211,有,4.8
北京交通大学,北京,教育部,工科,本科/高职(专科),,有,4.4
北京工业大学,北京,北京市教育委员会,工科,本科/高职(专科),,,4.4
北京航空航天大学,北京,工业和信息化部,工科,本科,985/211,有,4.5
北京理工大学,北京,工业和信息化部,工科,本科,985/211,有,4.5
北京科技大学,北京,教育部,工科,本科/高职(专科),,有,4.5
北方工业大学,北京,北京市教育委员会,工科,本科,,,4.5
北京化工大学,北京,教育部,工科,本科/高职(专科),,,4.1
北京工商大学,北京,北京市教育委员会,财经,本科,,,4.2
北京服装学院,北京,北京市教育委员会,工科,本科,,,4.2
北京邮电大学,北京,教育部,工科,本科,,有,4.3
北京印刷学院,北京,北京市教育委员会,工科,本科/高职(专科),,,4.2
北京建筑大学,北京,北京市教育委员会,工科,本科,,,4.2
北京石油化工学院,北京,北京市教育委员会,工科,本科,,,3.8
北京电子科技学院,北京,中共中央办公厅,工科,本科,,,4.8
中国农业大学,北京,教育部,农业,本科,985/211,有,4.7
北京农学院,北京,北京市教育委员会,农业,本科/高职(专科),,,3.9
北京林业大学,北京,教育部,林业,本科,,有,4.4
北京协和医学院(清华大学医学部),北京,国家卫生健康委员会,医药,本科/高职(专科),985/211,有,4.2
首都医科大学,北京,北京市教育委员会,医药,本科/高职(专科),,,4.0

[[32mINFO [m] 2019-06-25 16:43:52,882 Controller.writeYggkDataToCSV() - 院校名称,院校所在地,院校隶属,院校类型,学历层次,院校特性,是否有研究生院,满意度
北京大学,北京,教育部,综合,本科,985/211,有,4.7
中国人民大学,北京,教育部,综合,本科,985/211,有,4.8
清华大学,北京,教育部,工科,本科,985/211,有,4.8
北京交通大学,北京,教育部,工科,本科/高职(专科),,有,4.4
北京工业大学,北京,北京市教育委员会,工科,本科/高职(专科),,,4.4
北京航空航天大学,北京,工业和信息化部,工科,本科,985/211,有,4.5
北京理工大学,北京,工业和信息化部,工科,本科,985/211,有,4.5
北京科技大学,北京,教育部,工科,本科/高职(专科),,有,4.5
北方工业大学,北京,北京市教育委员会,工科,本科,,,4.5
北京化工大学,北京,教育部,工科,本科/高职(专科),,,4.1
北京工商大学,北京,北京市教育委员会,财经,本科,,,4.2
北京服装学院,北京,北京市教育委员会,工科,本科,,,4.2
北京邮电大学,北京,教育部,工科,本科,,有,4.3
北京印刷学院,北京,北京市教育委员会,工科,本科/高职(专科),,,4.2
北京建筑大学,北京,北京市教育委员会,工科,本科,,,4.2
北京石油化工学院,北京,北京市教育委员会,工科,本科,,,3.8
北京电子科技学院,北京,中共中央办公厅,工科,本科,,,4.8
中国农业大学,北京,教育部,农业,本科,985/211,有,4.7
北京农学院,北京,北京市教育委员会,农业,本科/高职(专科),,,3.9
北京林业大学,北京,教育部,林业,本科,,有,4.4
北京协和医学院(清华大学医学部),北京,国家卫生健康委员会,医药,本科/高职(专科),985/211,有,4.2
首都医科大学,北京,北京市教育委员会,医药,本科/高职(专科),,,4.0
北京中医药大学,北京,教育部,医药,本科/高职(专科),,,3.8

[[32mINFO [m] 2019-06-25 16:43:52,883 Controller.writeYggkDataToCSV() - 院校名称,院校所在地,院校隶属,院校类型,学历层次,院校特性,是否有研究生院,满意度
北京大学,北京,教育部,综合,本科,985/211,有,4.7
中国人民大学,北京,教育部,综合,本科,985/211,有,4.8
清华大学,北京,教育部,工科,本科,985/211,有,4.8
北京交通大学,北京,教育部,工科,本科/高职(专科),,有,4.4
北京工业大学,北京,北京市教育委员会,工科,本科/高职(专科),,,4.4
北京航空航天大学,北京,工业和信息化部,工科,本科,985/211,有,4.5
北京理工大学,北京,工业和信息化部,工科,本科,985/211,有,4.5
北京科技大学,北京,教育部,工科,本科/高职(专科),,有,4.5
北方工业大学,北京,北京市教育委员会,工科,本科,,,4.5
北京化工大学,北京,教育部,工科,本科/高职(专科),,,4.1
北京工商大学,北京,北京市教育委员会,财经,本科,,,4.2
北京服装学院,北京,北京市教育委员会,工科,本科,,,4.2
北京邮电大学,北京,教育部,工科,本科,,有,4.3
北京印刷学院,北京,北京市教育委员会,工科,本科/高职(专科),,,4.2
北京建筑大学,北京,北京市教育委员会,工科,本科,,,4.2
北京石油化工学院,北京,北京市教育委员会,工科,本科,,,3.8
北京电子科技学院,北京,中共中央办公厅,工科,本科,,,4.8
中国农业大学,北京,教育部,农业,本科,985/211,有,4.7
北京农学院,北京,北京市教育委员会,农业,本科/高职(专科),,,3.9
北京林业大学,北京,教育部,林业,本科,,有,4.4
北京协和医学院(清华大学医学部),北京,国家卫生健康委员会,医药,本科/高职(专科),985/211,有,4.2
首都医科大学,北京,北京市教育委员会,医药,本科/高职(专科),,,4.0
北京中医药大学,北京,教育部,医药,本科/高职(专科),,,3.8
北京师范大学,北京,教育部,师范,本科,985/211,有,4.5

[[32mINFO [m] 2019-06-25 16:43:52,883 Controller.writeYggkDataToCSV() - 院校名称,院校所在地,院校隶属,院校类型,学历层次,院校特性,是否有研究生院,满意度
北京大学,北京,教育部,综合,本科,985/211,有,4.7
中国人民大学,北京,教育部,综合,本科,985/211,有,4.8
清华大学,北京,教育部,工科,本科,985/211,有,4.8
北京交通大学,北京,教育部,工科,本科/高职(专科),,有,4.4
北京工业大学,北京,北京市教育委员会,工科,本科/高职(专科),,,4.4
北京航空航天大学,北京,工业和信息化部,工科,本科,985/211,有,4.5
北京理工大学,北京,工业和信息化部,工科,本科,985/211,有,4.5
北京科技大学,北京,教育部,工科,本科/高职(专科),,有,4.5
北方工业大学,北京,北京市教育委员会,工科,本科,,,4.5
北京化工大学,北京,教育部,工科,本科/高职(专科),,,4.1
北京工商大学,北京,北京市教育委员会,财经,本科,,,4.2
北京服装学院,北京,北京市教育委员会,工科,本科,,,4.2
北京邮电大学,北京,教育部,工科,本科,,有,4.3
北京印刷学院,北京,北京市教育委员会,工科,本科/高职(专科),,,4.2
北京建筑大学,北京,北京市教育委员会,工科,本科,,,4.2
北京石油化工学院,北京,北京市教育委员会,工科,本科,,,3.8
北京电子科技学院,北京,中共中央办公厅,工科,本科,,,4.8
中国农业大学,北京,教育部,农业,本科,985/211,有,4.7
北京农学院,北京,北京市教育委员会,农业,本科/高职(专科),,,3.9
北京林业大学,北京,教育部,林业,本科,,有,4.4
北京协和医学院(清华大学医学部),北京,国家卫生健康委员会,医药,本科/高职(专科),985/211,有,4.2
首都医科大学,北京,北京市教育委员会,医药,本科/高职(专科),,,4.0
北京中医药大学,北京,教育部,医药,本科/高职(专科),,,3.8
北京师范大学,北京,教育部,师范,本科,985/211,有,4.5
首都师范大学,北京,北京市教育委员会,师范,本科,,,4.0

[[32mINFO [m] 2019-06-25 16:43:52,884 Controller.writeYggkDataToCSV() - 院校名称,院校所在地,院校隶属,院校类型,学历层次,院校特性,是否有研究生院,满意度
北京大学,北京,教育部,综合,本科,985/211,有,4.7
中国人民大学,北京,教育部,综合,本科,985/211,有,4.8
清华大学,北京,教育部,工科,本科,985/211,有,4.8
北京交通大学,北京,教育部,工科,本科/高职(专科),,有,4.4
北京工业大学,北京,北京市教育委员会,工科,本科/高职(专科),,,4.4
北京航空航天大学,北京,工业和信息化部,工科,本科,985/211,有,4.5
北京理工大学,北京,工业和信息化部,工科,本科,985/211,有,4.5
北京科技大学,北京,教育部,工科,本科/高职(专科),,有,4.5
北方工业大学,北京,北京市教育委员会,工科,本科,,,4.5
北京化工大学,北京,教育部,工科,本科/高职(专科),,,4.1
北京工商大学,北京,北京市教育委员会,财经,本科,,,4.2
北京服装学院,北京,北京市教育委员会,工科,本科,,,4.2
北京邮电大学,北京,教育部,工科,本科,,有,4.3
北京印刷学院,北京,北京市教育委员会,工科,本科/高职(专科),,,4.2
北京建筑大学,北京,北京市教育委员会,工科,本科,,,4.2
北京石油化工学院,北京,北京市教育委员会,工科,本科,,,3.8
北京电子科技学院,北京,中共中央办公厅,工科,本科,,,4.8
中国农业大学,北京,教育部,农业,本科,985/211,有,4.7
北京农学院,北京,北京市教育委员会,农业,本科/高职(专科),,,3.9
北京林业大学,北京,教育部,林业,本科,,有,4.4
北京协和医学院(清华大学医学部),北京,国家卫生健康委员会,医药,本科/高职(专科),985/211,有,4.2
首都医科大学,北京,北京市教育委员会,医药,本科/高职(专科),,,4.0
北京中医药大学,北京,教育部,医药,本科/高职(专科),,,3.8
北京师范大学,北京,教育部,师范,本科,985/211,有,4.5
首都师范大学,北京,北京市教育委员会,师范,本科,,,4.0
首都体育学院,北京,北京市教育委员会,体育,本科,,,4.2

[[32mINFO [m] 2019-06-25 16:43:52,884 Controller.writeYggkDataToCSV() - 院校名称,院校所在地,院校隶属,院校类型,学历层次,院校特性,是否有研究生院,满意度
北京大学,北京,教育部,综合,本科,985/211,有,4.7
中国人民大学,北京,教育部,综合,本科,985/211,有,4.8
清华大学,北京,教育部,工科,本科,985/211,有,4.8
北京交通大学,北京,教育部,工科,本科/高职(专科),,有,4.4
北京工业大学,北京,北京市教育委员会,工科,本科/高职(专科),,,4.4
北京航空航天大学,北京,工业和信息化部,工科,本科,985/211,有,4.5
北京理工大学,北京,工业和信息化部,工科,本科,985/211,有,4.5
北京科技大学,北京,教育部,工科,本科/高职(专科),,有,4.5
北方工业大学,北京,北京市教育委员会,工科,本科,,,4.5
北京化工大学,北京,教育部,工科,本科/高职(专科),,,4.1
北京工商大学,北京,北京市教育委员会,财经,本科,,,4.2
北京服装学院,北京,北京市教育委员会,工科,本科,,,4.2
北京邮电大学,北京,教育部,工科,本科,,有,4.3
北京印刷学院,北京,北京市教育委员会,工科,本科/高职(专科),,,4.2
北京建筑大学,北京,北京市教育委员会,工科,本科,,,4.2
北京石油化工学院,北京,北京市教育委员会,工科,本科,,,3.8
北京电子科技学院,北京,中共中央办公厅,工科,本科,,,4.8
中国农业大学,北京,教育部,农业,本科,985/211,有,4.7
北京农学院,北京,北京市教育委员会,农业,本科/高职(专科),,,3.9
北京林业大学,北京,教育部,林业,本科,,有,4.4
北京协和医学院(清华大学医学部),北京,国家卫生健康委员会,医药,本科/高职(专科),985/211,有,4.2
首都医科大学,北京,北京市教育委员会,医药,本科/高职(专科),,,4.0
北京中医药大学,北京,教育部,医药,本科/高职(专科),,,3.8
北京师范大学,北京,教育部,师范,本科,985/211,有,4.5
首都师范大学,北京,北京市教育委员会,师范,本科,,,4.0
首都体育学院,北京,北京市教育委员会,体育,本科,,,4.2
北京外国语大学,北京,教育部,语言,本科,,,4.3

[[32mINFO [m] 2019-06-25 16:43:52,884 Controller.writeYggkDataToCSV() - 院校名称,院校所在地,院校隶属,院校类型,学历层次,院校特性,是否有研究生院,满意度
北京大学,北京,教育部,综合,本科,985/211,有,4.7
中国人民大学,北京,教育部,综合,本科,985/211,有,4.8
清华大学,北京,教育部,工科,本科,985/211,有,4.8
北京交通大学,北京,教育部,工科,本科/高职(专科),,有,4.4
北京工业大学,北京,北京市教育委员会,工科,本科/高职(专科),,,4.4
北京航空航天大学,北京,工业和信息化部,工科,本科,985/211,有,4.5
北京理工大学,北京,工业和信息化部,工科,本科,985/211,有,4.5
北京科技大学,北京,教育部,工科,本科/高职(专科),,有,4.5
北方工业大学,北京,北京市教育委员会,工科,本科,,,4.5
北京化工大学,北京,教育部,工科,本科/高职(专科),,,4.1
北京工商大学,北京,北京市教育委员会,财经,本科,,,4.2
北京服装学院,北京,北京市教育委员会,工科,本科,,,4.2
北京邮电大学,北京,教育部,工科,本科,,有,4.3
北京印刷学院,北京,北京市教育委员会,工科,本科/高职(专科),,,4.2
北京建筑大学,北京,北京市教育委员会,工科,本科,,,4.2
北京石油化工学院,北京,北京市教育委员会,工科,本科,,,3.8
北京电子科技学院,北京,中共中央办公厅,工科,本科,,,4.8
中国农业大学,北京,教育部,农业,本科,985/211,有,4.7
北京农学院,北京,北京市教育委员会,农业,本科/高职(专科),,,3.9
北京林业大学,北京,教育部,林业,本科,,有,4.4
北京协和医学院(清华大学医学部),北京,国家卫生健康委员会,医药,本科/高职(专科),985/211,有,4.2
首都医科大学,北京,北京市教育委员会,医药,本科/高职(专科),,,4.0
北京中医药大学,北京,教育部,医药,本科/高职(专科),,,3.8
北京师范大学,北京,教育部,师范,本科,985/211,有,4.5
首都师范大学,北京,北京市教育委员会,师范,本科,,,4.0
首都体育学院,北京,北京市教育委员会,体育,本科,,,4.2
北京外国语大学,北京,教育部,语言,本科,,,4.3
北京第二外国语学院,北京,北京市教育委员会,语言,本科,,,4.3

[[32mINFO [m] 2019-06-25 16:43:52,885 Controller.writeYggkDataToCSV() - 院校名称,院校所在地,院校隶属,院校类型,学历层次,院校特性,是否有研究生院,满意度
北京大学,北京,教育部,综合,本科,985/211,有,4.7
中国人民大学,北京,教育部,综合,本科,985/211,有,4.8
清华大学,北京,教育部,工科,本科,985/211,有,4.8
北京交通大学,北京,教育部,工科,本科/高职(专科),,有,4.4
北京工业大学,北京,北京市教育委员会,工科,本科/高职(专科),,,4.4
北京航空航天大学,北京,工业和信息化部,工科,本科,985/211,有,4.5
北京理工大学,北京,工业和信息化部,工科,本科,985/211,有,4.5
北京科技大学,北京,教育部,工科,本科/高职(专科),,有,4.5
北方工业大学,北京,北京市教育委员会,工科,本科,,,4.5
北京化工大学,北京,教育部,工科,本科/高职(专科),,,4.1
北京工商大学,北京,北京市教育委员会,财经,本科,,,4.2
北京服装学院,北京,北京市教育委员会,工科,本科,,,4.2
北京邮电大学,北京,教育部,工科,本科,,有,4.3
北京印刷学院,北京,北京市教育委员会,工科,本科/高职(专科),,,4.2
北京建筑大学,北京,北京市教育委员会,工科,本科,,,4.2
北京石油化工学院,北京,北京市教育委员会,工科,本科,,,3.8
北京电子科技学院,北京,中共中央办公厅,工科,本科,,,4.8
中国农业大学,北京,教育部,农业,本科,985/211,有,4.7
北京农学院,北京,北京市教育委员会,农业,本科/高职(专科),,,3.9
北京林业大学,北京,教育部,林业,本科,,有,4.4
北京协和医学院(清华大学医学部),北京,国家卫生健康委员会,医药,本科/高职(专科),985/211,有,4.2
首都医科大学,北京,北京市教育委员会,医药,本科/高职(专科),,,4.0
北京中医药大学,北京,教育部,医药,本科/高职(专科),,,3.8
北京师范大学,北京,教育部,师范,本科,985/211,有,4.5
首都师范大学,北京,北京市教育委员会,师范,本科,,,4.0
首都体育学院,北京,北京市教育委员会,体育,本科,,,4.2
北京外国语大学,北京,教育部,语言,本科,,,4.3
北京第二外国语学院,北京,北京市教育委员会,语言,本科,,,4.3
北京语言大学,北京,教育部,语言,本科,,,4.1

[[32mINFO [m] 2019-06-25 16:43:52,885 Controller.writeYggkDataToCSV() - 院校名称,院校所在地,院校隶属,院校类型,学历层次,院校特性,是否有研究生院,满意度
北京大学,北京,教育部,综合,本科,985/211,有,4.7
中国人民大学,北京,教育部,综合,本科,985/211,有,4.8
清华大学,北京,教育部,工科,本科,985/211,有,4.8
北京交通大学,北京,教育部,工科,本科/高职(专科),,有,4.4
北京工业大学,北京,北京市教育委员会,工科,本科/高职(专科),,,4.4
北京航空航天大学,北京,工业和信息化部,工科,本科,985/211,有,4.5
北京理工大学,北京,工业和信息化部,工科,本科,985/211,有,4.5
北京科技大学,北京,教育部,工科,本科/高职(专科),,有,4.5
北方工业大学,北京,北京市教育委员会,工科,本科,,,4.5
北京化工大学,北京,教育部,工科,本科/高职(专科),,,4.1
北京工商大学,北京,北京市教育委员会,财经,本科,,,4.2
北京服装学院,北京,北京市教育委员会,工科,本科,,,4.2
北京邮电大学,北京,教育部,工科,本科,,有,4.3
北京印刷学院,北京,北京市教育委员会,工科,本科/高职(专科),,,4.2
北京建筑大学,北京,北京市教育委员会,工科,本科,,,4.2
北京石油化工学院,北京,北京市教育委员会,工科,本科,,,3.8
北京电子科技学院,北京,中共中央办公厅,工科,本科,,,4.8
中国农业大学,北京,教育部,农业,本科,985/211,有,4.7
北京农学院,北京,北京市教育委员会,农业,本科/高职(专科),,,3.9
北京林业大学,北京,教育部,林业,本科,,有,4.4
北京协和医学院(清华大学医学部),北京,国家卫生健康委员会,医药,本科/高职(专科),985/211,有,4.2
首都医科大学,北京,北京市教育委员会,医药,本科/高职(专科),,,4.0
北京中医药大学,北京,教育部,医药,本科/高职(专科),,,3.8
北京师范大学,北京,教育部,师范,本科,985/211,有,4.5
首都师范大学,北京,北京市教育委员会,师范,本科,,,4.0
首都体育学院,北京,北京市教育委员会,体育,本科,,,4.2
北京外国语大学,北京,教育部,语言,本科,,,4.3
北京第二外国语学院,北京,北京市教育委员会,语言,本科,,,4.3
北京语言大学,北京,教育部,语言,本科,,,4.1
中国传媒大学,北京,教育部,语言,本科/高职(专科),,,4.5

[[32mINFO [m] 2019-06-25 16:43:52,886 Controller.writeYggkDataToCSV() - 院校名称,院校所在地,院校隶属,院校类型,学历层次,院校特性,是否有研究生院,满意度
北京大学,北京,教育部,综合,本科,985/211,有,4.7
中国人民大学,北京,教育部,综合,本科,985/211,有,4.8
清华大学,北京,教育部,工科,本科,985/211,有,4.8
北京交通大学,北京,教育部,工科,本科/高职(专科),,有,4.4
北京工业大学,北京,北京市教育委员会,工科,本科/高职(专科),,,4.4
北京航空航天大学,北京,工业和信息化部,工科,本科,985/211,有,4.5
北京理工大学,北京,工业和信息化部,工科,本科,985/211,有,4.5
北京科技大学,北京,教育部,工科,本科/高职(专科),,有,4.5
北方工业大学,北京,北京市教育委员会,工科,本科,,,4.5
北京化工大学,北京,教育部,工科,本科/高职(专科),,,4.1
北京工商大学,北京,北京市教育委员会,财经,本科,,,4.2
北京服装学院,北京,北京市教育委员会,工科,本科,,,4.2
北京邮电大学,北京,教育部,工科,本科,,有,4.3
北京印刷学院,北京,北京市教育委员会,工科,本科/高职(专科),,,4.2
北京建筑大学,北京,北京市教育委员会,工科,本科,,,4.2
北京石油化工学院,北京,北京市教育委员会,工科,本科,,,3.8
北京电子科技学院,北京,中共中央办公厅,工科,本科,,,4.8
中国农业大学,北京,教育部,农业,本科,985/211,有,4.7
北京农学院,北京,北京市教育委员会,农业,本科/高职(专科),,,3.9
北京林业大学,北京,教育部,林业,本科,,有,4.4
北京协和医学院(清华大学医学部),北京,国家卫生健康委员会,医药,本科/高职(专科),985/211,有,4.2
首都医科大学,北京,北京市教育委员会,医药,本科/高职(专科),,,4.0
北京中医药大学,北京,教育部,医药,本科/高职(专科),,,3.8
北京师范大学,北京,教育部,师范,本科,985/211,有,4.5
首都师范大学,北京,北京市教育委员会,师范,本科,,,4.0
首都体育学院,北京,北京市教育委员会,体育,本科,,,4.2
北京外国语大学,北京,教育部,语言,本科,,,4.3
北京第二外国语学院,北京,北京市教育委员会,语言,本科,,,4.3
北京语言大学,北京,教育部,语言,本科,,,4.1
中国传媒大学,北京,教育部,语言,本科/高职(专科),,,4.5
中央财经大学,北京,教育部,财经,本科,,,4.2

[[32mINFO [m] 2019-06-25 16:43:52,886 Controller.writeYggkDataToCSV() - 院校名称,院校所在地,院校隶属,院校类型,学历层次,院校特性,是否有研究生院,满意度
北京大学,北京,教育部,综合,本科,985/211,有,4.7
中国人民大学,北京,教育部,综合,本科,985/211,有,4.8
清华大学,北京,教育部,工科,本科,985/211,有,4.8
北京交通大学,北京,教育部,工科,本科/高职(专科),,有,4.4
北京工业大学,北京,北京市教育委员会,工科,本科/高职(专科),,,4.4
北京航空航天大学,北京,工业和信息化部,工科,本科,985/211,有,4.5
北京理工大学,北京,工业和信息化部,工科,本科,985/211,有,4.5
北京科技大学,北京,教育部,工科,本科/高职(专科),,有,4.5
北方工业大学,北京,北京市教育委员会,工科,本科,,,4.5
北京化工大学,北京,教育部,工科,本科/高职(专科),,,4.1
北京工商大学,北京,北京市教育委员会,财经,本科,,,4.2
北京服装学院,北京,北京市教育委员会,工科,本科,,,4.2
北京邮电大学,北京,教育部,工科,本科,,有,4.3
北京印刷学院,北京,北京市教育委员会,工科,本科/高职(专科),,,4.2
北京建筑大学,北京,北京市教育委员会,工科,本科,,,4.2
北京石油化工学院,北京,北京市教育委员会,工科,本科,,,3.8
北京电子科技学院,北京,中共中央办公厅,工科,本科,,,4.8
中国农业大学,北京,教育部,农业,本科,985/211,有,4.7
北京农学院,北京,北京市教育委员会,农业,本科/高职(专科),,,3.9
北京林业大学,北京,教育部,林业,本科,,有,4.4
北京协和医学院(清华大学医学部),北京,国家卫生健康委员会,医药,本科/高职(专科),985/211,有,4.2
首都医科大学,北京,北京市教育委员会,医药,本科/高职(专科),,,4.0
北京中医药大学,北京,教育部,医药,本科/高职(专科),,,3.8
北京师范大学,北京,教育部,师范,本科,985/211,有,4.5
首都师范大学,北京,北京市教育委员会,师范,本科,,,4.0
首都体育学院,北京,北京市教育委员会,体育,本科,,,4.2
北京外国语大学,北京,教育部,语言,本科,,,4.3
北京第二外国语学院,北京,北京市教育委员会,语言,本科,,,4.3
北京语言大学,北京,教育部,语言,本科,,,4.1
中国传媒大学,北京,教育部,语言,本科/高职(专科),,,4.5
中央财经大学,北京,教育部,财经,本科,,,4.2
对外经济贸易大学,北京,教育部,财经,本科,,,4.7

[[32mINFO [m] 2019-06-25 16:43:52,887 Controller.writeYggkDataToCSV() - 院校名称,院校所在地,院校隶属,院校类型,学历层次,院校特性,是否有研究生院,满意度
北京大学,北京,教育部,综合,本科,985/211,有,4.7
中国人民大学,北京,教育部,综合,本科,985/211,有,4.8
清华大学,北京,教育部,工科,本科,985/211,有,4.8
北京交通大学,北京,教育部,工科,本科/高职(专科),,有,4.4
北京工业大学,北京,北京市教育委员会,工科,本科/高职(专科),,,4.4
北京航空航天大学,北京,工业和信息化部,工科,本科,985/211,有,4.5
北京理工大学,北京,工业和信息化部,工科,本科,985/211,有,4.5
北京科技大学,北京,教育部,工科,本科/高职(专科),,有,4.5
北方工业大学,北京,北京市教育委员会,工科,本科,,,4.5
北京化工大学,北京,教育部,工科,本科/高职(专科),,,4.1
北京工商大学,北京,北京市教育委员会,财经,本科,,,4.2
北京服装学院,北京,北京市教育委员会,工科,本科,,,4.2
北京邮电大学,北京,教育部,工科,本科,,有,4.3
北京印刷学院,北京,北京市教育委员会,工科,本科/高职(专科),,,4.2
北京建筑大学,北京,北京市教育委员会,工科,本科,,,4.2
北京石油化工学院,北京,北京市教育委员会,工科,本科,,,3.8
北京电子科技学院,北京,中共中央办公厅,工科,本科,,,4.8
中国农业大学,北京,教育部,农业,本科,985/211,有,4.7
北京农学院,北京,北京市教育委员会,农业,本科/高职(专科),,,3.9
北京林业大学,北京,教育部,林业,本科,,有,4.4
北京协和医学院(清华大学医学部),北京,国家卫生健康委员会,医药,本科/高职(专科),985/211,有,4.2
首都医科大学,北京,北京市教育委员会,医药,本科/高职(专科),,,4.0
北京中医药大学,北京,教育部,医药,本科/高职(专科),,,3.8
北京师范大学,北京,教育部,师范,本科,985/211,有,4.5
首都师范大学,北京,北京市教育委员会,师范,本科,,,4.0
首都体育学院,北京,北京市教育委员会,体育,本科,,,4.2
北京外国语大学,北京,教育部,语言,本科,,,4.3
北京第二外国语学院,北京,北京市教育委员会,语言,本科,,,4.3
北京语言大学,北京,教育部,语言,本科,,,4.1
中国传媒大学,北京,教育部,语言,本科/高职(专科),,,4.5
中央财经大学,北京,教育部,财经,本科,,,4.2
对外经济贸易大学,北京,教育部,财经,本科,,,4.7
北京物资学院,北京,北京市教育委员会,财经,本科,,,4.0

[[32mINFO [m] 2019-06-25 16:43:52,887 Controller.writeYggkDataToCSV() - 院校名称,院校所在地,院校隶属,院校类型,学历层次,院校特性,是否有研究生院,满意度
北京大学,北京,教育部,综合,本科,985/211,有,4.7
中国人民大学,北京,教育部,综合,本科,985/211,有,4.8
清华大学,北京,教育部,工科,本科,985/211,有,4.8
北京交通大学,北京,教育部,工科,本科/高职(专科),,有,4.4
北京工业大学,北京,北京市教育委员会,工科,本科/高职(专科),,,4.4
北京航空航天大学,北京,工业和信息化部,工科,本科,985/211,有,4.5
北京理工大学,北京,工业和信息化部,工科,本科,985/211,有,4.5
北京科技大学,北京,教育部,工科,本科/高职(专科),,有,4.5
北方工业大学,北京,北京市教育委员会,工科,本科,,,4.5
北京化工大学,北京,教育部,工科,本科/高职(专科),,,4.1
北京工商大学,北京,北京市教育委员会,财经,本科,,,4.2
北京服装学院,北京,北京市教育委员会,工科,本科,,,4.2
北京邮电大学,北京,教育部,工科,本科,,有,4.3
北京印刷学院,北京,北京市教育委员会,工科,本科/高职(专科),,,4.2
北京建筑大学,北京,北京市教育委员会,工科,本科,,,4.2
北京石油化工学院,北京,北京市教育委员会,工科,本科,,,3.8
北京电子科技学院,北京,中共中央办公厅,工科,本科,,,4.8
中国农业大学,北京,教育部,农业,本科,985/211,有,4.7
北京农学院,北京,北京市教育委员会,农业,本科/高职(专科),,,3.9
北京林业大学,北京,教育部,林业,本科,,有,4.4
北京协和医学院(清华大学医学部),北京,国家卫生健康委员会,医药,本科/高职(专科),985/211,有,4.2
首都医科大学,北京,北京市教育委员会,医药,本科/高职(专科),,,4.0
北京中医药大学,北京,教育部,医药,本科/高职(专科),,,3.8
北京师范大学,北京,教育部,师范,本科,985/211,有,4.5
首都师范大学,北京,北京市教育委员会,师范,本科,,,4.0
首都体育学院,北京,北京市教育委员会,体育,本科,,,4.2
北京外国语大学,北京,教育部,语言,本科,,,4.3
北京第二外国语学院,北京,北京市教育委员会,语言,本科,,,4.3
北京语言大学,北京,教育部,语言,本科,,,4.1
中国传媒大学,北京,教育部,语言,本科/高职(专科),,,4.5
中央财经大学,北京,教育部,财经,本科,,,4.2
对外经济贸易大学,北京,教育部,财经,本科,,,4.7
北京物资学院,北京,北京市教育委员会,财经,本科,,,4.0
首都经济贸易大学,北京,北京市教育委员会,财经,本科/高职(专科),,,4.2

[[32mINFO [m] 2019-06-25 16:43:52,888 Controller.writeYggkDataToCSV() - 院校名称,院校所在地,院校隶属,院校类型,学历层次,院校特性,是否有研究生院,满意度
北京大学,北京,教育部,综合,本科,985/211,有,4.7
中国人民大学,北京,教育部,综合,本科,985/211,有,4.8
清华大学,北京,教育部,工科,本科,985/211,有,4.8
北京交通大学,北京,教育部,工科,本科/高职(专科),,有,4.4
北京工业大学,北京,北京市教育委员会,工科,本科/高职(专科),,,4.4
北京航空航天大学,北京,工业和信息化部,工科,本科,985/211,有,4.5
北京理工大学,北京,工业和信息化部,工科,本科,985/211,有,4.5
北京科技大学,北京,教育部,工科,本科/高职(专科),,有,4.5
北方工业大学,北京,北京市教育委员会,工科,本科,,,4.5
北京化工大学,北京,教育部,工科,本科/高职(专科),,,4.1
北京工商大学,北京,北京市教育委员会,财经,本科,,,4.2
北京服装学院,北京,北京市教育委员会,工科,本科,,,4.2
北京邮电大学,北京,教育部,工科,本科,,有,4.3
北京印刷学院,北京,北京市教育委员会,工科,本科/高职(专科),,,4.2
北京建筑大学,北京,北京市教育委员会,工科,本科,,,4.2
北京石油化工学院,北京,北京市教育委员会,工科,本科,,,3.8
北京电子科技学院,北京,中共中央办公厅,工科,本科,,,4.8
中国农业大学,北京,教育部,农业,本科,985/211,有,4.7
北京农学院,北京,北京市教育委员会,农业,本科/高职(专科),,,3.9
北京林业大学,北京,教育部,林业,本科,,有,4.4
北京协和医学院(清华大学医学部),北京,国家卫生健康委员会,医药,本科/高职(专科),985/211,有,4.2
首都医科大学,北京,北京市教育委员会,医药,本科/高职(专科),,,4.0
北京中医药大学,北京,教育部,医药,本科/高职(专科),,,3.8
北京师范大学,北京,教育部,师范,本科,985/211,有,4.5
首都师范大学,北京,北京市教育委员会,师范,本科,,,4.0
首都体育学院,北京,北京市教育委员会,体育,本科,,,4.2
北京外国语大学,北京,教育部,语言,本科,,,4.3
北京第二外国语学院,北京,北京市教育委员会,语言,本科,,,4.3
北京语言大学,北京,教育部,语言,本科,,,4.1
中国传媒大学,北京,教育部,语言,本科/高职(专科),,,4.5
中央财经大学,北京,教育部,财经,本科,,,4.2
对外经济贸易大学,北京,教育部,财经,本科,,,4.7
北京物资学院,北京,北京市教育委员会,财经,本科,,,4.0
首都经济贸易大学,北京,北京市教育委员会,财经,本科/高职(专科),,,4.2
中国消防救援学院,北京,应急管理部,综合,本科,,,--

[[32mINFO [m] 2019-06-25 16:43:52,889 Controller.writeYggkDataToCSV() - 院校名称,院校所在地,院校隶属,院校类型,学历层次,院校特性,是否有研究生院,满意度
北京大学,北京,教育部,综合,本科,985/211,有,4.7
中国人民大学,北京,教育部,综合,本科,985/211,有,4.8
清华大学,北京,教育部,工科,本科,985/211,有,4.8
北京交通大学,北京,教育部,工科,本科/高职(专科),,有,4.4
北京工业大学,北京,北京市教育委员会,工科,本科/高职(专科),,,4.4
北京航空航天大学,北京,工业和信息化部,工科,本科,985/211,有,4.5
北京理工大学,北京,工业和信息化部,工科,本科,985/211,有,4.5
北京科技大学,北京,教育部,工科,本科/高职(专科),,有,4.5
北方工业大学,北京,北京市教育委员会,工科,本科,,,4.5
北京化工大学,北京,教育部,工科,本科/高职(专科),,,4.1
北京工商大学,北京,北京市教育委员会,财经,本科,,,4.2
北京服装学院,北京,北京市教育委员会,工科,本科,,,4.2
北京邮电大学,北京,教育部,工科,本科,,有,4.3
北京印刷学院,北京,北京市教育委员会,工科,本科/高职(专科),,,4.2
北京建筑大学,北京,北京市教育委员会,工科,本科,,,4.2
北京石油化工学院,北京,北京市教育委员会,工科,本科,,,3.8
北京电子科技学院,北京,中共中央办公厅,工科,本科,,,4.8
中国农业大学,北京,教育部,农业,本科,985/211,有,4.7
北京农学院,北京,北京市教育委员会,农业,本科/高职(专科),,,3.9
北京林业大学,北京,教育部,林业,本科,,有,4.4
北京协和医学院(清华大学医学部),北京,国家卫生健康委员会,医药,本科/高职(专科),985/211,有,4.2
首都医科大学,北京,北京市教育委员会,医药,本科/高职(专科),,,4.0
北京中医药大学,北京,教育部,医药,本科/高职(专科),,,3.8
北京师范大学,北京,教育部,师范,本科,985/211,有,4.5
首都师范大学,北京,北京市教育委员会,师范,本科,,,4.0
首都体育学院,北京,北京市教育委员会,体育,本科,,,4.2
北京外国语大学,北京,教育部,语言,本科,,,4.3
北京第二外国语学院,北京,北京市教育委员会,语言,本科,,,4.3
北京语言大学,北京,教育部,语言,本科,,,4.1
中国传媒大学,北京,教育部,语言,本科/高职(专科),,,4.5
中央财经大学,北京,教育部,财经,本科,,,4.2
对外经济贸易大学,北京,教育部,财经,本科,,,4.7
北京物资学院,北京,北京市教育委员会,财经,本科,,,4.0
首都经济贸易大学,北京,北京市教育委员会,财经,本科/高职(专科),,,4.2
中国消防救援学院,北京,应急管理部,综合,本科,,,--
外交学院,北京,外交部,语言,本科,,,4.1

[[32mINFO [m] 2019-06-25 16:43:52,890 Controller.writeYggkDataToCSV() - 院校名称,院校所在地,院校隶属,院校类型,学历层次,院校特性,是否有研究生院,满意度
北京大学,北京,教育部,综合,本科,985/211,有,4.7
中国人民大学,北京,教育部,综合,本科,985/211,有,4.8
清华大学,北京,教育部,工科,本科,985/211,有,4.8
北京交通大学,北京,教育部,工科,本科/高职(专科),,有,4.4
北京工业大学,北京,北京市教育委员会,工科,本科/高职(专科),,,4.4
北京航空航天大学,北京,工业和信息化部,工科,本科,985/211,有,4.5
北京理工大学,北京,工业和信息化部,工科,本科,985/211,有,4.5
北京科技大学,北京,教育部,工科,本科/高职(专科),,有,4.5
北方工业大学,北京,北京市教育委员会,工科,本科,,,4.5
北京化工大学,北京,教育部,工科,本科/高职(专科),,,4.1
北京工商大学,北京,北京市教育委员会,财经,本科,,,4.2
北京服装学院,北京,北京市教育委员会,工科,本科,,,4.2
北京邮电大学,北京,教育部,工科,本科,,有,4.3
北京印刷学院,北京,北京市教育委员会,工科,本科/高职(专科),,,4.2
北京建筑大学,北京,北京市教育委员会,工科,本科,,,4.2
北京石油化工学院,北京,北京市教育委员会,工科,本科,,,3.8
北京电子科技学院,北京,中共中央办公厅,工科,本科,,,4.8
中国农业大学,北京,教育部,农业,本科,985/211,有,4.7
北京农学院,北京,北京市教育委员会,农业,本科/高职(专科),,,3.9
北京林业大学,北京,教育部,林业,本科,,有,4.4
北京协和医学院(清华大学医学部),北京,国家卫生健康委员会,医药,本科/高职(专科),985/211,有,4.2
首都医科大学,北京,北京市教育委员会,医药,本科/高职(专科),,,4.0
北京中医药大学,北京,教育部,医药,本科/高职(专科),,,3.8
北京师范大学,北京,教育部,师范,本科,985/211,有,4.5
首都师范大学,北京,北京市教育委员会,师范,本科,,,4.0
首都体育学院,北京,北京市教育委员会,体育,本科,,,4.2
北京外国语大学,北京,教育部,语言,本科,,,4.3
北京第二外国语学院,北京,北京市教育委员会,语言,本科,,,4.3
北京语言大学,北京,教育部,语言,本科,,,4.1
中国传媒大学,北京,教育部,语言,本科/高职(专科),,,4.5
中央财经大学,北京,教育部,财经,本科,,,4.2
对外经济贸易大学,北京,教育部,财经,本科,,,4.7
北京物资学院,北京,北京市教育委员会,财经,本科,,,4.0
首都经济贸易大学,北京,北京市教育委员会,财经,本科/高职(专科),,,4.2
中国消防救援学院,北京,应急管理部,综合,本科,,,--
外交学院,北京,外交部,语言,本科,,,4.1
中国人民公安大学,北京,公安部,政法,本科,,,4.4

[[32mINFO [m] 2019-06-25 16:43:52,891 Controller.writeYggkDataToCSV() - 院校名称,院校所在地,院校隶属,院校类型,学历层次,院校特性,是否有研究生院,满意度
北京大学,北京,教育部,综合,本科,985/211,有,4.7
中国人民大学,北京,教育部,综合,本科,985/211,有,4.8
清华大学,北京,教育部,工科,本科,985/211,有,4.8
北京交通大学,北京,教育部,工科,本科/高职(专科),,有,4.4
北京工业大学,北京,北京市教育委员会,工科,本科/高职(专科),,,4.4
北京航空航天大学,北京,工业和信息化部,工科,本科,985/211,有,4.5
北京理工大学,北京,工业和信息化部,工科,本科,985/211,有,4.5
北京科技大学,北京,教育部,工科,本科/高职(专科),,有,4.5
北方工业大学,北京,北京市教育委员会,工科,本科,,,4.5
北京化工大学,北京,教育部,工科,本科/高职(专科),,,4.1
北京工商大学,北京,北京市教育委员会,财经,本科,,,4.2
北京服装学院,北京,北京市教育委员会,工科,本科,,,4.2
北京邮电大学,北京,教育部,工科,本科,,有,4.3
北京印刷学院,北京,北京市教育委员会,工科,本科/高职(专科),,,4.2
北京建筑大学,北京,北京市教育委员会,工科,本科,,,4.2
北京石油化工学院,北京,北京市教育委员会,工科,本科,,,3.8
北京电子科技学院,北京,中共中央办公厅,工科,本科,,,4.8
中国农业大学,北京,教育部,农业,本科,985/211,有,4.7
北京农学院,北京,北京市教育委员会,农业,本科/高职(专科),,,3.9
北京林业大学,北京,教育部,林业,本科,,有,4.4
北京协和医学院(清华大学医学部),北京,国家卫生健康委员会,医药,本科/高职(专科),985/211,有,4.2
首都医科大学,北京,北京市教育委员会,医药,本科/高职(专科),,,4.0
北京中医药大学,北京,教育部,医药,本科/高职(专科),,,3.8
北京师范大学,北京,教育部,师范,本科,985/211,有,4.5
首都师范大学,北京,北京市教育委员会,师范,本科,,,4.0
首都体育学院,北京,北京市教育委员会,体育,本科,,,4.2
北京外国语大学,北京,教育部,语言,本科,,,4.3
北京第二外国语学院,北京,北京市教育委员会,语言,本科,,,4.3
北京语言大学,北京,教育部,语言,本科,,,4.1
中国传媒大学,北京,教育部,语言,本科/高职(专科),,,4.5
中央财经大学,北京,教育部,财经,本科,,,4.2
对外经济贸易大学,北京,教育部,财经,本科,,,4.7
北京物资学院,北京,北京市教育委员会,财经,本科,,,4.0
首都经济贸易大学,北京,北京市教育委员会,财经,本科/高职(专科),,,4.2
中国消防救援学院,北京,应急管理部,综合,本科,,,--
外交学院,北京,外交部,语言,本科,,,4.1
中国人民公安大学,北京,公安部,政法,本科,,,4.4
国际关系学院,北京,其他主管部门1,综合,本科,,,4.2

[[32mINFO [m] 2019-06-25 16:43:52,891 Controller.writeYggkDataToCSV() - 院校名称,院校所在地,院校隶属,院校类型,学历层次,院校特性,是否有研究生院,满意度
北京大学,北京,教育部,综合,本科,985/211,有,4.7
中国人民大学,北京,教育部,综合,本科,985/211,有,4.8
清华大学,北京,教育部,工科,本科,985/211,有,4.8
北京交通大学,北京,教育部,工科,本科/高职(专科),,有,4.4
北京工业大学,北京,北京市教育委员会,工科,本科/高职(专科),,,4.4
北京航空航天大学,北京,工业和信息化部,工科,本科,985/211,有,4.5
北京理工大学,北京,工业和信息化部,工科,本科,985/211,有,4.5
北京科技大学,北京,教育部,工科,本科/高职(专科),,有,4.5
北方工业大学,北京,北京市教育委员会,工科,本科,,,4.5
北京化工大学,北京,教育部,工科,本科/高职(专科),,,4.1
北京工商大学,北京,北京市教育委员会,财经,本科,,,4.2
北京服装学院,北京,北京市教育委员会,工科,本科,,,4.2
北京邮电大学,北京,教育部,工科,本科,,有,4.3
北京印刷学院,北京,北京市教育委员会,工科,本科/高职(专科),,,4.2
北京建筑大学,北京,北京市教育委员会,工科,本科,,,4.2
北京石油化工学院,北京,北京市教育委员会,工科,本科,,,3.8
北京电子科技学院,北京,中共中央办公厅,工科,本科,,,4.8
中国农业大学,北京,教育部,农业,本科,985/211,有,4.7
北京农学院,北京,北京市教育委员会,农业,本科/高职(专科),,,3.9
北京林业大学,北京,教育部,林业,本科,,有,4.4
北京协和医学院(清华大学医学部),北京,国家卫生健康委员会,医药,本科/高职(专科),985/211,有,4.2
首都医科大学,北京,北京市教育委员会,医药,本科/高职(专科),,,4.0
北京中医药大学,北京,教育部,医药,本科/高职(专科),,,3.8
北京师范大学,北京,教育部,师范,本科,985/211,有,4.5
首都师范大学,北京,北京市教育委员会,师范,本科,,,4.0
首都体育学院,北京,北京市教育委员会,体育,本科,,,4.2
北京外国语大学,北京,教育部,语言,本科,,,4.3
北京第二外国语学院,北京,北京市教育委员会,语言,本科,,,4.3
北京语言大学,北京,教育部,语言,本科,,,4.1
中国传媒大学,北京,教育部,语言,本科/高职(专科),,,4.5
中央财经大学,北京,教育部,财经,本科,,,4.2
对外经济贸易大学,北京,教育部,财经,本科,,,4.7
北京物资学院,北京,北京市教育委员会,财经,本科,,,4.0
首都经济贸易大学,北京,北京市教育委员会,财经,本科/高职(专科),,,4.2
中国消防救援学院,北京,应急管理部,综合,本科,,,--
外交学院,北京,外交部,语言,本科,,,4.1
中国人民公安大学,北京,公安部,政法,本科,,,4.4
国际关系学院,北京,其他主管部门1,综合,本科,,,4.2
北京体育大学,北京,国家体育总局,体育,本科,,,4.0

[[32mINFO [m] 2019-06-25 16:43:52,892 Controller.writeYggkDataToCSV() - 院校名称,院校所在地,院校隶属,院校类型,学历层次,院校特性,是否有研究生院,满意度
北京大学,北京,教育部,综合,本科,985/211,有,4.7
中国人民大学,北京,教育部,综合,本科,985/211,有,4.8
清华大学,北京,教育部,工科,本科,985/211,有,4.8
北京交通大学,北京,教育部,工科,本科/高职(专科),,有,4.4
北京工业大学,北京,北京市教育委员会,工科,本科/高职(专科),,,4.4
北京航空航天大学,北京,工业和信息化部,工科,本科,985/211,有,4.5
北京理工大学,北京,工业和信息化部,工科,本科,985/211,有,4.5
北京科技大学,北京,教育部,工科,本科/高职(专科),,有,4.5
北方工业大学,北京,北京市教育委员会,工科,本科,,,4.5
北京化工大学,北京,教育部,工科,本科/高职(专科),,,4.1
北京工商大学,北京,北京市教育委员会,财经,本科,,,4.2
北京服装学院,北京,北京市教育委员会,工科,本科,,,4.2
北京邮电大学,北京,教育部,工科,本科,,有,4.3
北京印刷学院,北京,北京市教育委员会,工科,本科/高职(专科),,,4.2
北京建筑大学,北京,北京市教育委员会,工科,本科,,,4.2
北京石油化工学院,北京,北京市教育委员会,工科,本科,,,3.8
北京电子科技学院,北京,中共中央办公厅,工科,本科,,,4.8
中国农业大学,北京,教育部,农业,本科,985/211,有,4.7
北京农学院,北京,北京市教育委员会,农业,本科/高职(专科),,,3.9
北京林业大学,北京,教育部,林业,本科,,有,4.4
北京协和医学院(清华大学医学部),北京,国家卫生健康委员会,医药,本科/高职(专科),985/211,有,4.2
首都医科大学,北京,北京市教育委员会,医药,本科/高职(专科),,,4.0
北京中医药大学,北京,教育部,医药,本科/高职(专科),,,3.8
北京师范大学,北京,教育部,师范,本科,985/211,有,4.5
首都师范大学,北京,北京市教育委员会,师范,本科,,,4.0
首都体育学院,北京,北京市教育委员会,体育,本科,,,4.2
北京外国语大学,北京,教育部,语言,本科,,,4.3
北京第二外国语学院,北京,北京市教育委员会,语言,本科,,,4.3
北京语言大学,北京,教育部,语言,本科,,,4.1
中国传媒大学,北京,教育部,语言,本科/高职(专科),,,4.5
中央财经大学,北京,教育部,财经,本科,,,4.2
对外经济贸易大学,北京,教育部,财经,本科,,,4.7
北京物资学院,北京,北京市教育委员会,财经,本科,,,4.0
首都经济贸易大学,北京,北京市教育委员会,财经,本科/高职(专科),,,4.2
中国消防救援学院,北京,应急管理部,综合,本科,,,--
外交学院,北京,外交部,语言,本科,,,4.1
中国人民公安大学,北京,公安部,政法,本科,,,4.4
国际关系学院,北京,其他主管部门1,综合,本科,,,4.2
北京体育大学,北京,国家体育总局,体育,本科,,,4.0
中央音乐学院,北京,教育部,艺术,本科,,,4.7

[[32mINFO [m] 2019-06-25 16:43:52,892 Controller.writeYggkDataToCSV() - Processing url:https://gaokao.chsi.com.cn/sch/search--ss-on,searchType-1,option-qg,start-40.dhtml
[[32mINFO [m] 2019-06-25 16:43:53,398 Controller.writeYggkDataToCSV() - 院校名称,院校所在地,院校隶属,院校类型,学历层次,院校特性,是否有研究生院,满意度
北京大学,北京,教育部,综合,本科,985/211,有,4.7
中国人民大学,北京,教育部,综合,本科,985/211,有,4.8
清华大学,北京,教育部,工科,本科,985/211,有,4.8
北京交通大学,北京,教育部,工科,本科/高职(专科),,有,4.4
北京工业大学,北京,北京市教育委员会,工科,本科/高职(专科),,,4.4
北京航空航天大学,北京,工业和信息化部,工科,本科,985/211,有,4.5
北京理工大学,北京,工业和信息化部,工科,本科,985/211,有,4.5
北京科技大学,北京,教育部,工科,本科/高职(专科),,有,4.5
北方工业大学,北京,北京市教育委员会,工科,本科,,,4.5
北京化工大学,北京,教育部,工科,本科/高职(专科),,,4.1
北京工商大学,北京,北京市教育委员会,财经,本科,,,4.2
北京服装学院,北京,北京市教育委员会,工科,本科,,,4.2
北京邮电大学,北京,教育部,工科,本科,,有,4.3
北京印刷学院,北京,北京市教育委员会,工科,本科/高职(专科),,,4.2
北京建筑大学,北京,北京市教育委员会,工科,本科,,,4.2
北京石油化工学院,北京,北京市教育委员会,工科,本科,,,3.8
北京电子科技学院,北京,中共中央办公厅,工科,本科,,,4.8
中国农业大学,北京,教育部,农业,本科,985/211,有,4.7
北京农学院,北京,北京市教育委员会,农业,本科/高职(专科),,,3.9
北京林业大学,北京,教育部,林业,本科,,有,4.4
北京协和医学院(清华大学医学部),北京,国家卫生健康委员会,医药,本科/高职(专科),985/211,有,4.2
首都医科大学,北京,北京市教育委员会,医药,本科/高职(专科),,,4.0
北京中医药大学,北京,教育部,医药,本科/高职(专科),,,3.8
北京师范大学,北京,教育部,师范,本科,985/211,有,4.5
首都师范大学,北京,北京市教育委员会,师范,本科,,,4.0
首都体育学院,北京,北京市教育委员会,体育,本科,,,4.2
北京外国语大学,北京,教育部,语言,本科,,,4.3
北京第二外国语学院,北京,北京市教育委员会,语言,本科,,,4.3
北京语言大学,北京,教育部,语言,本科,,,4.1
中国传媒大学,北京,教育部,语言,本科/高职(专科),,,4.5
中央财经大学,北京,教育部,财经,本科,,,4.2
对外经济贸易大学,北京,教育部,财经,本科,,,4.7
北京物资学院,北京,北京市教育委员会,财经,本科,,,4.0
首都经济贸易大学,北京,北京市教育委员会,财经,本科/高职(专科),,,4.2
中国消防救援学院,北京,应急管理部,综合,本科,,,--
外交学院,北京,外交部,语言,本科,,,4.1
中国人民公安大学,北京,公安部,政法,本科,,,4.4
国际关系学院,北京,其他主管部门1,综合,本科,,,4.2
北京体育大学,北京,国家体育总局,体育,本科,,,4.0
中央音乐学院,北京,教育部,艺术,本科,,,4.7

[[32mINFO [m] 2019-06-25 16:43:53,398 Controller.writeYggkDataToCSV() - 院校名称,院校所在地,院校隶属,院校类型,学历层次,院校特性,是否有研究生院,满意度
北京大学,北京,教育部,综合,本科,985/211,有,4.7
中国人民大学,北京,教育部,综合,本科,985/211,有,4.8
清华大学,北京,教育部,工科,本科,985/211,有,4.8
北京交通大学,北京,教育部,工科,本科/高职(专科),,有,4.4
北京工业大学,北京,北京市教育委员会,工科,本科/高职(专科),,,4.4
北京航空航天大学,北京,工业和信息化部,工科,本科,985/211,有,4.5
北京理工大学,北京,工业和信息化部,工科,本科,985/211,有,4.5
北京科技大学,北京,教育部,工科,本科/高职(专科),,有,4.5
北方工业大学,北京,北京市教育委员会,工科,本科,,,4.5
北京化工大学,北京,教育部,工科,本科/高职(专科),,,4.1
北京工商大学,北京,北京市教育委员会,财经,本科,,,4.2
北京服装学院,北京,北京市教育委员会,工科,本科,,,4.2
北京邮电大学,北京,教育部,工科,本科,,有,4.3
北京印刷学院,北京,北京市教育委员会,工科,本科/高职(专科),,,4.2
北京建筑大学,北京,北京市教育委员会,工科,本科,,,4.2
北京石油化工学院,北京,北京市教育委员会,工科,本科,,,3.8
北京电子科技学院,北京,中共中央办公厅,工科,本科,,,4.8
中国农业大学,北京,教育部,农业,本科,985/211,有,4.7
北京农学院,北京,北京市教育委员会,农业,本科/高职(专科),,,3.9
北京林业大学,北京,教育部,林业,本科,,有,4.4
北京协和医学院(清华大学医学部),北京,国家卫生健康委员会,医药,本科/高职(专科),985/211,有,4.2
首都医科大学,北京,北京市教育委员会,医药,本科/高职(专科),,,4.0
北京中医药大学,北京,教育部,医药,本科/高职(专科),,,3.8
北京师范大学,北京,教育部,师范,本科,985/211,有,4.5
首都师范大学,北京,北京市教育委员会,师范,本科,,,4.0
首都体育学院,北京,北京市教育委员会,体育,本科,,,4.2
北京外国语大学,北京,教育部,语言,本科,,,4.3
北京第二外国语学院,北京,北京市教育委员会,语言,本科,,,4.3
北京语言大学,北京,教育部,语言,本科,,,4.1
中国传媒大学,北京,教育部,语言,本科/高职(专科),,,4.5
中央财经大学,北京,教育部,财经,本科,,,4.2
对外经济贸易大学,北京,教育部,财经,本科,,,4.7
北京物资学院,北京,北京市教育委员会,财经,本科,,,4.0
首都经济贸易大学,北京,北京市教育委员会,财经,本科/高职(专科),,,4.2
中国消防救援学院,北京,应急管理部,综合,本科,,,--
外交学院,北京,外交部,语言,本科,,,4.1
中国人民公安大学,北京,公安部,政法,本科,,,4.4
国际关系学院,北京,其他主管部门1,综合,本科,,,4.2
北京体育大学,北京,国家体育总局,体育,本科,,,4.0
中央音乐学院,北京,教育部,艺术,本科,,,4.7
中国音乐学院,北京,北京市教育委员会,艺术,本科,,,4.3

[[32mINFO [m] 2019-06-25 16:43:53,399 Controller.writeYggkDataToCSV() - 院校名称,院校所在地,院校隶属,院校类型,学历层次,院校特性,是否有研究生院,满意度
北京大学,北京,教育部,综合,本科,985/211,有,4.7
中国人民大学,北京,教育部,综合,本科,985/211,有,4.8
清华大学,北京,教育部,工科,本科,985/211,有,4.8
北京交通大学,北京,教育部,工科,本科/高职(专科),,有,4.4
北京工业大学,北京,北京市教育委员会,工科,本科/高职(专科),,,4.4
北京航空航天大学,北京,工业和信息化部,工科,本科,985/211,有,4.5
北京理工大学,北京,工业和信息化部,工科,本科,985/211,有,4.5
北京科技大学,北京,教育部,工科,本科/高职(专科),,有,4.5
北方工业大学,北京,北京市教育委员会,工科,本科,,,4.5
北京化工大学,北京,教育部,工科,本科/高职(专科),,,4.1
北京工商大学,北京,北京市教育委员会,财经,本科,,,4.2
北京服装学院,北京,北京市教育委员会,工科,本科,,,4.2
北京邮电大学,北京,教育部,工科,本科,,有,4.3
北京印刷学院,北京,北京市教育委员会,工科,本科/高职(专科),,,4.2
北京建筑大学,北京,北京市教育委员会,工科,本科,,,4.2
北京石油化工学院,北京,北京市教育委员会,工科,本科,,,3.8
北京电子科技学院,北京,中共中央办公厅,工科,本科,,,4.8
中国农业大学,北京,教育部,农业,本科,985/211,有,4.7
北京农学院,北京,北京市教育委员会,农业,本科/高职(专科),,,3.9
北京林业大学,北京,教育部,林业,本科,,有,4.4
北京协和医学院(清华大学医学部),北京,国家卫生健康委员会,医药,本科/高职(专科),985/211,有,4.2
首都医科大学,北京,北京市教育委员会,医药,本科/高职(专科),,,4.0
北京中医药大学,北京,教育部,医药,本科/高职(专科),,,3.8
北京师范大学,北京,教育部,师范,本科,985/211,有,4.5
首都师范大学,北京,北京市教育委员会,师范,本科,,,4.0
首都体育学院,北京,北京市教育委员会,体育,本科,,,4.2
北京外国语大学,北京,教育部,语言,本科,,,4.3
北京第二外国语学院,北京,北京市教育委员会,语言,本科,,,4.3
北京语言大学,北京,教育部,语言,本科,,,4.1
中国传媒大学,北京,教育部,语言,本科/高职(专科),,,4.5
中央财经大学,北京,教育部,财经,本科,,,4.2
对外经济贸易大学,北京,教育部,财经,本科,,,4.7
北京物资学院,北京,北京市教育委员会,财经,本科,,,4.0
首都经济贸易大学,北京,北京市教育委员会,财经,本科/高职(专科),,,4.2
中国消防救援学院,北京,应急管理部,综合,本科,,,--
外交学院,北京,外交部,语言,本科,,,4.1
中国人民公安大学,北京,公安部,政法,本科,,,4.4
国际关系学院,北京,其他主管部门1,综合,本科,,,4.2
北京体育大学,北京,国家体育总局,体育,本科,,,4.0
中央音乐学院,北京,教育部,艺术,本科,,,4.7
中国音乐学院,北京,北京市教育委员会,艺术,本科,,,4.3
中央美术学院,北京,教育部,艺术,本科/高职(专科),,,4.6

[[32mINFO [m] 2019-06-25 16:43:53,399 Controller.writeYggkDataToCSV() - 院校名称,院校所在地,院校隶属,院校类型,学历层次,院校特性,是否有研究生院,满意度
北京大学,北京,教育部,综合,本科,985/211,有,4.7
中国人民大学,北京,教育部,综合,本科,985/211,有,4.8
清华大学,北京,教育部,工科,本科,985/211,有,4.8
北京交通大学,北京,教育部,工科,本科/高职(专科),,有,4.4
北京工业大学,北京,北京市教育委员会,工科,本科/高职(专科),,,4.4
北京航空航天大学,北京,工业和信息化部,工科,本科,985/211,有,4.5
北京理工大学,北京,工业和信息化部,工科,本科,985/211,有,4.5
北京科技大学,北京,教育部,工科,本科/高职(专科),,有,4.5
北方工业大学,北京,北京市教育委员会,工科,本科,,,4.5
北京化工大学,北京,教育部,工科,本科/高职(专科),,,4.1
北京工商大学,北京,北京市教育委员会,财经,本科,,,4.2
北京服装学院,北京,北京市教育委员会,工科,本科,,,4.2
北京邮电大学,北京,教育部,工科,本科,,有,4.3
北京印刷学院,北京,北京市教育委员会,工科,本科/高职(专科),,,4.2
北京建筑大学,北京,北京市教育委员会,工科,本科,,,4.2
北京石油化工学院,北京,北京市教育委员会,工科,本科,,,3.8
北京电子科技学院,北京,中共中央办公厅,工科,本科,,,4.8
中国农业大学,北京,教育部,农业,本科,985/211,有,4.7
北京农学院,北京,北京市教育委员会,农业,本科/高职(专科),,,3.9
北京林业大学,北京,教育部,林业,本科,,有,4.4
北京协和医学院(清华大学医学部),北京,国家卫生健康委员会,医药,本科/高职(专科),985/211,有,4.2
首都医科大学,北京,北京市教育委员会,医药,本科/高职(专科),,,4.0
北京中医药大学,北京,教育部,医药,本科/高职(专科),,,3.8
北京师范大学,北京,教育部,师范,本科,985/211,有,4.5
首都师范大学,北京,北京市教育委员会,师范,本科,,,4.0
首都体育学院,北京,北京市教育委员会,体育,本科,,,4.2
北京外国语大学,北京,教育部,语言,本科,,,4.3
北京第二外国语学院,北京,北京市教育委员会,语言,本科,,,4.3
北京语言大学,北京,教育部,语言,本科,,,4.1
中国传媒大学,北京,教育部,语言,本科/高职(专科),,,4.5
中央财经大学,北京,教育部,财经,本科,,,4.2
对外经济贸易大学,北京,教育部,财经,本科,,,4.7
北京物资学院,北京,北京市教育委员会,财经,本科,,,4.0
首都经济贸易大学,北京,北京市教育委员会,财经,本科/高职(专科),,,4.2
中国消防救援学院,北京,应急管理部,综合,本科,,,--
外交学院,北京,外交部,语言,本科,,,4.1
中国人民公安大学,北京,公安部,政法,本科,,,4.4
国际关系学院,北京,其他主管部门1,综合,本科,,,4.2
北京体育大学,北京,国家体育总局,体育,本科,,,4.0
中央音乐学院,北京,教育部,艺术,本科,,,4.7
中国音乐学院,北京,北京市教育委员会,艺术,本科,,,4.3
中央美术学院,北京,教育部,艺术,本科/高职(专科),,,4.6
中央戏剧学院,北京,教育部,艺术,本科/高职(专科),,,4.8

[[32mINFO [m] 2019-06-25 16:43:53,399 Controller.writeYggkDataToCSV() - 院校名称,院校所在地,院校隶属,院校类型,学历层次,院校特性,是否有研究生院,满意度
北京大学,北京,教育部,综合,本科,985/211,有,4.7
中国人民大学,北京,教育部,综合,本科,985/211,有,4.8
清华大学,北京,教育部,工科,本科,985/211,有,4.8
北京交通大学,北京,教育部,工科,本科/高职(专科),,有,4.4
北京工业大学,北京,北京市教育委员会,工科,本科/高职(专科),,,4.4
北京航空航天大学,北京,工业和信息化部,工科,本科,985/211,有,4.5
北京理工大学,北京,工业和信息化部,工科,本科,985/211,有,4.5
北京科技大学,北京,教育部,工科,本科/高职(专科),,有,4.5
北方工业大学,北京,北京市教育委员会,工科,本科,,,4.5
北京化工大学,北京,教育部,工科,本科/高职(专科),,,4.1
北京工商大学,北京,北京市教育委员会,财经,本科,,,4.2
北京服装学院,北京,北京市教育委员会,工科,本科,,,4.2
北京邮电大学,北京,教育部,工科,本科,,有,4.3
北京印刷学院,北京,北京市教育委员会,工科,本科/高职(专科),,,4.2
北京建筑大学,北京,北京市教育委员会,工科,本科,,,4.2
北京石油化工学院,北京,北京市教育委员会,工科,本科,,,3.8
北京电子科技学院,北京,中共中央办公厅,工科,本科,,,4.8
中国农业大学,北京,教育部,农业,本科,985/211,有,4.7
北京农学院,北京,北京市教育委员会,农业,本科/高职(专科),,,3.9
北京林业大学,北京,教育部,林业,本科,,有,4.4
北京协和医学院(清华大学医学部),北京,国家卫生健康委员会,医药,本科/高职(专科),985/211,有,4.2
首都医科大学,北京,北京市教育委员会,医药,本科/高职(专科),,,4.0
北京中医药大学,北京,教育部,医药,本科/高职(专科),,,3.8
北京师范大学,北京,教育部,师范,本科,985/211,有,4.5
首都师范大学,北京,北京市教育委员会,师范,本科,,,4.0
首都体育学院,北京,北京市教育委员会,体育,本科,,,4.2
北京外国语大学,北京,教育部,语言,本科,,,4.3
北京第二外国语学院,北京,北京市教育委员会,语言,本科,,,4.3
北京语言大学,北京,教育部,语言,本科,,,4.1
中国传媒大学,北京,教育部,语言,本科/高职(专科),,,4.5
中央财经大学,北京,教育部,财经,本科,,,4.2
对外经济贸易大学,北京,教育部,财经,本科,,,4.7
北京物资学院,北京,北京市教育委员会,财经,本科,,,4.0
首都经济贸易大学,北京,北京市教育委员会,财经,本科/高职(专科),,,4.2
中国消防救援学院,北京,应急管理部,综合,本科,,,--
外交学院,北京,外交部,语言,本科,,,4.1
中国人民公安大学,北京,公安部,政法,本科,,,4.4
国际关系学院,北京,其他主管部门1,综合,本科,,,4.2
北京体育大学,北京,国家体育总局,体育,本科,,,4.0
中央音乐学院,北京,教育部,艺术,本科,,,4.7
中国音乐学院,北京,北京市教育委员会,艺术,本科,,,4.3
中央美术学院,北京,教育部,艺术,本科/高职(专科),,,4.6
中央戏剧学院,北京,教育部,艺术,本科/高职(专科),,,4.8
中国戏曲学院,北京,北京市教育委员会,艺术,本科,,,4.6

[[32mINFO [m] 2019-06-25 16:43:53,400 Controller.writeYggkDataToCSV() - 院校名称,院校所在地,院校隶属,院校类型,学历层次,院校特性,是否有研究生院,满意度
北京大学,北京,教育部,综合,本科,985/211,有,4.7
中国人民大学,北京,教育部,综合,本科,985/211,有,4.8
清华大学,北京,教育部,工科,本科,985/211,有,4.8
北京交通大学,北京,教育部,工科,本科/高职(专科),,有,4.4
北京工业大学,北京,北京市教育委员会,工科,本科/高职(专科),,,4.4
北京航空航天大学,北京,工业和信息化部,工科,本科,985/211,有,4.5
北京理工大学,北京,工业和信息化部,工科,本科,985/211,有,4.5
北京科技大学,北京,教育部,工科,本科/高职(专科),,有,4.5
北方工业大学,北京,北京市教育委员会,工科,本科,,,4.5
北京化工大学,北京,教育部,工科,本科/高职(专科),,,4.1
北京工商大学,北京,北京市教育委员会,财经,本科,,,4.2
北京服装学院,北京,北京市教育委员会,工科,本科,,,4.2
北京邮电大学,北京,教育部,工科,本科,,有,4.3
北京印刷学院,北京,北京市教育委员会,工科,本科/高职(专科),,,4.2
北京建筑大学,北京,北京市教育委员会,工科,本科,,,4.2
北京石油化工学院,北京,北京市教育委员会,工科,本科,,,3.8
北京电子科技学院,北京,中共中央办公厅,工科,本科,,,4.8
中国农业大学,北京,教育部,农业,本科,985/211,有,4.7
北京农学院,北京,北京市教育委员会,农业,本科/高职(专科),,,3.9
北京林业大学,北京,教育部,林业,本科,,有,4.4
北京协和医学院(清华大学医学部),北京,国家卫生健康委员会,医药,本科/高职(专科),985/211,有,4.2
首都医科大学,北京,北京市教育委员会,医药,本科/高职(专科),,,4.0
北京中医药大学,北京,教育部,医药,本科/高职(专科),,,3.8
北京师范大学,北京,教育部,师范,本科,985/211,有,4.5
首都师范大学,北京,北京市教育委员会,师范,本科,,,4.0
首都体育学院,北京,北京市教育委员会,体育,本科,,,4.2
北京外国语大学,北京,教育部,语言,本科,,,4.3
北京第二外国语学院,北京,北京市教育委员会,语言,本科,,,4.3
北京语言大学,北京,教育部,语言,本科,,,4.1
中国传媒大学,北京,教育部,语言,本科/高职(专科),,,4.5
中央财经大学,北京,教育部,财经,本科,,,4.2
对外经济贸易大学,北京,教育部,财经,本科,,,4.7
北京物资学院,北京,北京市教育委员会,财经,本科,,,4.0
首都经济贸易大学,北京,北京市教育委员会,财经,本科/高职(专科),,,4.2
中国消防救援学院,北京,应急管理部,综合,本科,,,--
外交学院,北京,外交部,语言,本科,,,4.1
中国人民公安大学,北京,公安部,政法,本科,,,4.4
国际关系学院,北京,其他主管部门1,综合,本科,,,4.2
北京体育大学,北京,国家体育总局,体育,本科,,,4.0
中央音乐学院,北京,教育部,艺术,本科,,,4.7
中国音乐学院,北京,北京市教育委员会,艺术,本科,,,4.3
中央美术学院,北京,教育部,艺术,本科/高职(专科),,,4.6
中央戏剧学院,北京,教育部,艺术,本科/高职(专科),,,4.8
中国戏曲学院,北京,北京市教育委员会,艺术,本科,,,4.6
北京电影学院,北京,北京市教育委员会,艺术,本科,,,4.6

[[32mINFO [m] 2019-06-25 16:43:53,400 Controller.writeYggkDataToCSV() - 院校名称,院校所在地,院校隶属,院校类型,学历层次,院校特性,是否有研究生院,满意度
北京大学,北京,教育部,综合,本科,985/211,有,4.7
中国人民大学,北京,教育部,综合,本科,985/211,有,4.8
清华大学,北京,教育部,工科,本科,985/211,有,4.8
北京交通大学,北京,教育部,工科,本科/高职(专科),,有,4.4
北京工业大学,北京,北京市教育委员会,工科,本科/高职(专科),,,4.4
北京航空航天大学,北京,工业和信息化部,工科,本科,985/211,有,4.5
北京理工大学,北京,工业和信息化部,工科,本科,985/211,有,4.5
北京科技大学,北京,教育部,工科,本科/高职(专科),,有,4.5
北方工业大学,北京,北京市教育委员会,工科,本科,,,4.5
北京化工大学,北京,教育部,工科,本科/高职(专科),,,4.1
北京工商大学,北京,北京市教育委员会,财经,本科,,,4.2
北京服装学院,北京,北京市教育委员会,工科,本科,,,4.2
北京邮电大学,北京,教育部,工科,本科,,有,4.3
北京印刷学院,北京,北京市教育委员会,工科,本科/高职(专科),,,4.2
北京建筑大学,北京,北京市教育委员会,工科,本科,,,4.2
北京石油化工学院,北京,北京市教育委员会,工科,本科,,,3.8
北京电子科技学院,北京,中共中央办公厅,工科,本科,,,4.8
中国农业大学,北京,教育部,农业,本科,985/211,有,4.7
北京农学院,北京,北京市教育委员会,农业,本科/高职(专科),,,3.9
北京林业大学,北京,教育部,林业,本科,,有,4.4
北京协和医学院(清华大学医学部),北京,国家卫生健康委员会,医药,本科/高职(专科),985/211,有,4.2
首都医科大学,北京,北京市教育委员会,医药,本科/高职(专科),,,4.0
北京中医药大学,北京,教育部,医药,本科/高职(专科),,,3.8
北京师范大学,北京,教育部,师范,本科,985/211,有,4.5
首都师范大学,北京,北京市教育委员会,师范,本科,,,4.0
首都体育学院,北京,北京市教育委员会,体育,本科,,,4.2
北京外国语大学,北京,教育部,语言,本科,,,4.3
北京第二外国语学院,北京,北京市教育委员会,语言,本科,,,4.3
北京语言大学,北京,教育部,语言,本科,,,4.1
中国传媒大学,北京,教育部,语言,本科/高职(专科),,,4.5
中央财经大学,北京,教育部,财经,本科,,,4.2
对外经济贸易大学,北京,教育部,财经,本科,,,4.7
北京物资学院,北京,北京市教育委员会,财经,本科,,,4.0
首都经济贸易大学,北京,北京市教育委员会,财经,本科/高职(专科),,,4.2
中国消防救援学院,北京,应急管理部,综合,本科,,,--
外交学院,北京,外交部,语言,本科,,,4.1
中国人民公安大学,北京,公安部,政法,本科,,,4.4
国际关系学院,北京,其他主管部门1,综合,本科,,,4.2
北京体育大学,北京,国家体育总局,体育,本科,,,4.0
中央音乐学院,北京,教育部,艺术,本科,,,4.7
中国音乐学院,北京,北京市教育委员会,艺术,本科,,,4.3
中央美术学院,北京,教育部,艺术,本科/高职(专科),,,4.6
中央戏剧学院,北京,教育部,艺术,本科/高职(专科),,,4.8
中国戏曲学院,北京,北京市教育委员会,艺术,本科,,,4.6
北京电影学院,北京,北京市教育委员会,艺术,本科,,,4.6
北京舞蹈学院,北京,北京市教育委员会,艺术,本科,,,4.5

[[32mINFO [m] 2019-06-25 16:43:53,400 Controller.writeYggkDataToCSV() - 院校名称,院校所在地,院校隶属,院校类型,学历层次,院校特性,是否有研究生院,满意度
北京大学,北京,教育部,综合,本科,985/211,有,4.7
中国人民大学,北京,教育部,综合,本科,985/211,有,4.8
清华大学,北京,教育部,工科,本科,985/211,有,4.8
北京交通大学,北京,教育部,工科,本科/高职(专科),,有,4.4
北京工业大学,北京,北京市教育委员会,工科,本科/高职(专科),,,4.4
北京航空航天大学,北京,工业和信息化部,工科,本科,985/211,有,4.5
北京理工大学,北京,工业和信息化部,工科,本科,985/211,有,4.5
北京科技大学,北京,教育部,工科,本科/高职(专科),,有,4.5
北方工业大学,北京,北京市教育委员会,工科,本科,,,4.5
北京化工大学,北京,教育部,工科,本科/高职(专科),,,4.1
北京工商大学,北京,北京市教育委员会,财经,本科,,,4.2
北京服装学院,北京,北京市教育委员会,工科,本科,,,4.2
北京邮电大学,北京,教育部,工科,本科,,有,4.3
北京印刷学院,北京,北京市教育委员会,工科,本科/高职(专科),,,4.2
北京建筑大学,北京,北京市教育委员会,工科,本科,,,4.2
北京石油化工学院,北京,北京市教育委员会,工科,本科,,,3.8
北京电子科技学院,北京,中共中央办公厅,工科,本科,,,4.8
中国农业大学,北京,教育部,农业,本科,985/211,有,4.7
北京农学院,北京,北京市教育委员会,农业,本科/高职(专科),,,3.9
北京林业大学,北京,教育部,林业,本科,,有,4.4
北京协和医学院(清华大学医学部),北京,国家卫生健康委员会,医药,本科/高职(专科),985/211,有,4.2
首都医科大学,北京,北京市教育委员会,医药,本科/高职(专科),,,4.0
北京中医药大学,北京,教育部,医药,本科/高职(专科),,,3.8
北京师范大学,北京,教育部,师范,本科,985/211,有,4.5
首都师范大学,北京,北京市教育委员会,师范,本科,,,4.0
首都体育学院,北京,北京市教育委员会,体育,本科,,,4.2
北京外国语大学,北京,教育部,语言,本科,,,4.3
北京第二外国语学院,北京,北京市教育委员会,语言,本科,,,4.3
北京语言大学,北京,教育部,语言,本科,,,4.1
中国传媒大学,北京,教育部,语言,本科/高职(专科),,,4.5
中央财经大学,北京,教育部,财经,本科,,,4.2
对外经济贸易大学,北京,教育部,财经,本科,,,4.7
北京物资学院,北京,北京市教育委员会,财经,本科,,,4.0
首都经济贸易大学,北京,北京市教育委员会,财经,本科/高职(专科),,,4.2
中国消防救援学院,北京,应急管理部,综合,本科,,,--
外交学院,北京,外交部,语言,本科,,,4.1
中国人民公安大学,北京,公安部,政法,本科,,,4.4
国际关系学院,北京,其他主管部门1,综合,本科,,,4.2
北京体育大学,北京,国家体育总局,体育,本科,,,4.0
中央音乐学院,北京,教育部,艺术,本科,,,4.7
中国音乐学院,北京,北京市教育委员会,艺术,本科,,,4.3
中央美术学院,北京,教育部,艺术,本科/高职(专科),,,4.6
中央戏剧学院,北京,教育部,艺术,本科/高职(专科),,,4.8
中国戏曲学院,北京,北京市教育委员会,艺术,本科,,,4.6
北京电影学院,北京,北京市教育委员会,艺术,本科,,,4.6
北京舞蹈学院,北京,北京市教育委员会,艺术,本科,,,4.5
中央民族大学,北京,国家民族事务委员会,民族,本科,985/211,,4.2

[[32mINFO [m] 2019-06-25 16:43:53,400 Controller.writeYggkDataToCSV() - 院校名称,院校所在地,院校隶属,院校类型,学历层次,院校特性,是否有研究生院,满意度
北京大学,北京,教育部,综合,本科,985/211,有,4.7
中国人民大学,北京,教育部,综合,本科,985/211,有,4.8
清华大学,北京,教育部,工科,本科,985/211,有,4.8
北京交通大学,北京,教育部,工科,本科/高职(专科),,有,4.4
北京工业大学,北京,北京市教育委员会,工科,本科/高职(专科),,,4.4
北京航空航天大学,北京,工业和信息化部,工科,本科,985/211,有,4.5
北京理工大学,北京,工业和信息化部,工科,本科,985/211,有,4.5
北京科技大学,北京,教育部,工科,本科/高职(专科),,有,4.5
北方工业大学,北京,北京市教育委员会,工科,本科,,,4.5
北京化工大学,北京,教育部,工科,本科/高职(专科),,,4.1
北京工商大学,北京,北京市教育委员会,财经,本科,,,4.2
北京服装学院,北京,北京市教育委员会,工科,本科,,,4.2
北京邮电大学,北京,教育部,工科,本科,,有,4.3
北京印刷学院,北京,北京市教育委员会,工科,本科/高职(专科),,,4.2
北京建筑大学,北京,北京市教育委员会,工科,本科,,,4.2
北京石油化工学院,北京,北京市教育委员会,工科,本科,,,3.8
北京电子科技学院,北京,中共中央办公厅,工科,本科,,,4.8
中国农业大学,北京,教育部,农业,本科,985/211,有,4.7
北京农学院,北京,北京市教育委员会,农业,本科/高职(专科),,,3.9
北京林业大学,北京,教育部,林业,本科,,有,4.4
北京协和医学院(清华大学医学部),北京,国家卫生健康委员会,医药,本科/高职(专科),985/211,有,4.2
首都医科大学,北京,北京市教育委员会,医药,本科/高职(专科),,,4.0
北京中医药大学,北京,教育部,医药,本科/高职(专科),,,3.8
北京师范大学,北京,教育部,师范,本科,985/211,有,4.5
首都师范大学,北京,北京市教育委员会,师范,本科,,,4.0
首都体育学院,北京,北京市教育委员会,体育,本科,,,4.2
北京外国语大学,北京,教育部,语言,本科,,,4.3
北京第二外国语学院,北京,北京市教育委员会,语言,本科,,,4.3
北京语言大学,北京,教育部,语言,本科,,,4.1
中国传媒大学,北京,教育部,语言,本科/高职(专科),,,4.5
中央财经大学,北京,教育部,财经,本科,,,4.2
对外经济贸易大学,北京,教育部,财经,本科,,,4.7
北京物资学院,北京,北京市教育委员会,财经,本科,,,4.0
首都经济贸易大学,北京,北京市教育委员会,财经,本科/高职(专科),,,4.2
中国消防救援学院,北京,应急管理部,综合,本科,,,--
外交学院,北京,外交部,语言,本科,,,4.1
中国人民公安大学,北京,公安部,政法,本科,,,4.4
国际关系学院,北京,其他主管部门1,综合,本科,,,4.2
北京体育大学,北京,国家体育总局,体育,本科,,,4.0
中央音乐学院,北京,教育部,艺术,本科,,,4.7
中国音乐学院,北京,北京市教育委员会,艺术,本科,,,4.3
中央美术学院,北京,教育部,艺术,本科/高职(专科),,,4.6
中央戏剧学院,北京,教育部,艺术,本科/高职(专科),,,4.8
中国戏曲学院,北京,北京市教育委员会,艺术,本科,,,4.6
北京电影学院,北京,北京市教育委员会,艺术,本科,,,4.6
北京舞蹈学院,北京,北京市教育委员会,艺术,本科,,,4.5
中央民族大学,北京,国家民族事务委员会,民族,本科,985/211,,4.2
中国政法大学,北京,教育部,政法,本科,,,4.5

[[32mINFO [m] 2019-06-25 16:43:53,401 Controller.writeYggkDataToCSV() - 院校名称,院校所在地,院校隶属,院校类型,学历层次,院校特性,是否有研究生院,满意度
北京大学,北京,教育部,综合,本科,985/211,有,4.7
中国人民大学,北京,教育部,综合,本科,985/211,有,4.8
清华大学,北京,教育部,工科,本科,985/211,有,4.8
北京交通大学,北京,教育部,工科,本科/高职(专科),,有,4.4
北京工业大学,北京,北京市教育委员会,工科,本科/高职(专科),,,4.4
北京航空航天大学,北京,工业和信息化部,工科,本科,985/211,有,4.5
北京理工大学,北京,工业和信息化部,工科,本科,985/211,有,4.5
北京科技大学,北京,教育部,工科,本科/高职(专科),,有,4.5
北方工业大学,北京,北京市教育委员会,工科,本科,,,4.5
北京化工大学,北京,教育部,工科,本科/高职(专科),,,4.1
北京工商大学,北京,北京市教育委员会,财经,本科,,,4.2
北京服装学院,北京,北京市教育委员会,工科,本科,,,4.2
北京邮电大学,北京,教育部,工科,本科,,有,4.3
北京印刷学院,北京,北京市教育委员会,工科,本科/高职(专科),,,4.2
北京建筑大学,北京,北京市教育委员会,工科,本科,,,4.2
北京石油化工学院,北京,北京市教育委员会,工科,本科,,,3.8
北京电子科技学院,北京,中共中央办公厅,工科,本科,,,4.8
中国农业大学,北京,教育部,农业,本科,985/211,有,4.7
北京农学院,北京,北京市教育委员会,农业,本科/高职(专科),,,3.9
北京林业大学,北京,教育部,林业,本科,,有,4.4
北京协和医学院(清华大学医学部),北京,国家卫生健康委员会,医药,本科/高职(专科),985/211,有,4.2
首都医科大学,北京,北京市教育委员会,医药,本科/高职(专科),,,4.0
北京中医药大学,北京,教育部,医药,本科/高职(专科),,,3.8
北京师范大学,北京,教育部,师范,本科,985/211,有,4.5
首都师范大学,北京,北京市教育委员会,师范,本科,,,4.0
首都体育学院,北京,北京市教育委员会,体育,本科,,,4.2
北京外国语大学,北京,教育部,语言,本科,,,4.3
北京第二外国语学院,北京,北京市教育委员会,语言,本科,,,4.3
北京语言大学,北京,教育部,语言,本科,,,4.1
中国传媒大学,北京,教育部,语言,本科/高职(专科),,,4.5
中央财经大学,北京,教育部,财经,本科,,,4.2
对外经济贸易大学,北京,教育部,财经,本科,,,4.7
北京物资学院,北京,北京市教育委员会,财经,本科,,,4.0
首都经济贸易大学,北京,北京市教育委员会,财经,本科/高职(专科),,,4.2
中国消防救援学院,北京,应急管理部,综合,本科,,,--
外交学院,北京,外交部,语言,本科,,,4.1
中国人民公安大学,北京,公安部,政法,本科,,,4.4
国际关系学院,北京,其他主管部门1,综合,本科,,,4.2
北京体育大学,北京,国家体育总局,体育,本科,,,4.0
中央音乐学院,北京,教育部,艺术,本科,,,4.7
中国音乐学院,北京,北京市教育委员会,艺术,本科,,,4.3
中央美术学院,北京,教育部,艺术,本科/高职(专科),,,4.6
中央戏剧学院,北京,教育部,艺术,本科/高职(专科),,,4.8
中国戏曲学院,北京,北京市教育委员会,艺术,本科,,,4.6
北京电影学院,北京,北京市教育委员会,艺术,本科,,,4.6
北京舞蹈学院,北京,北京市教育委员会,艺术,本科,,,4.5
中央民族大学,北京,国家民族事务委员会,民族,本科,985/211,,4.2
中国政法大学,北京,教育部,政法,本科,,,4.5
华北电力大学(北京),北京,教育部,工科,本科,,,4.3

[[32mINFO [m] 2019-06-25 16:43:53,401 Controller.writeYggkDataToCSV() - 院校名称,院校所在地,院校隶属,院校类型,学历层次,院校特性,是否有研究生院,满意度
北京大学,北京,教育部,综合,本科,985/211,有,4.7
中国人民大学,北京,教育部,综合,本科,985/211,有,4.8
清华大学,北京,教育部,工科,本科,985/211,有,4.8
北京交通大学,北京,教育部,工科,本科/高职(专科),,有,4.4
北京工业大学,北京,北京市教育委员会,工科,本科/高职(专科),,,4.4
北京航空航天大学,北京,工业和信息化部,工科,本科,985/211,有,4.5
北京理工大学,北京,工业和信息化部,工科,本科,985/211,有,4.5
北京科技大学,北京,教育部,工科,本科/高职(专科),,有,4.5
北方工业大学,北京,北京市教育委员会,工科,本科,,,4.5
北京化工大学,北京,教育部,工科,本科/高职(专科),,,4.1
北京工商大学,北京,北京市教育委员会,财经,本科,,,4.2
北京服装学院,北京,北京市教育委员会,工科,本科,,,4.2
北京邮电大学,北京,教育部,工科,本科,,有,4.3
北京印刷学院,北京,北京市教育委员会,工科,本科/高职(专科),,,4.2
北京建筑大学,北京,北京市教育委员会,工科,本科,,,4.2
北京石油化工学院,北京,北京市教育委员会,工科,本科,,,3.8
北京电子科技学院,北京,中共中央办公厅,工科,本科,,,4.8
中国农业大学,北京,教育部,农业,本科,985/211,有,4.7
北京农学院,北京,北京市教育委员会,农业,本科/高职(专科),,,3.9
北京林业大学,北京,教育部,林业,本科,,有,4.4
北京协和医学院(清华大学医学部),北京,国家卫生健康委员会,医药,本科/高职(专科),985/211,有,4.2
首都医科大学,北京,北京市教育委员会,医药,本科/高职(专科),,,4.0
北京中医药大学,北京,教育部,医药,本科/高职(专科),,,3.8
北京师范大学,北京,教育部,师范,本科,985/211,有,4.5
首都师范大学,北京,北京市教育委员会,师范,本科,,,4.0
首都体育学院,北京,北京市教育委员会,体育,本科,,,4.2
北京外国语大学,北京,教育部,语言,本科,,,4.3
北京第二外国语学院,北京,北京市教育委员会,语言,本科,,,4.3
北京语言大学,北京,教育部,语言,本科,,,4.1
中国传媒大学,北京,教育部,语言,本科/高职(专科),,,4.5
中央财经大学,北京,教育部,财经,本科,,,4.2
对外经济贸易大学,北京,教育部,财经,本科,,,4.7
北京物资学院,北京,北京市教育委员会,财经,本科,,,4.0
首都经济贸易大学,北京,北京市教育委员会,财经,本科/高职(专科),,,4.2
中国消防救援学院,北京,应急管理部,综合,本科,,,--
外交学院,北京,外交部,语言,本科,,,4.1
中国人民公安大学,北京,公安部,政法,本科,,,4.4
国际关系学院,北京,其他主管部门1,综合,本科,,,4.2
北京体育大学,北京,国家体育总局,体育,本科,,,4.0
中央音乐学院,北京,教育部,艺术,本科,,,4.7
中国音乐学院,北京,北京市教育委员会,艺术,本科,,,4.3
中央美术学院,北京,教育部,艺术,本科/高职(专科),,,4.6
中央戏剧学院,北京,教育部,艺术,本科/高职(专科),,,4.8
中国戏曲学院,北京,北京市教育委员会,艺术,本科,,,4.6
北京电影学院,北京,北京市教育委员会,艺术,本科,,,4.6
北京舞蹈学院,北京,北京市教育委员会,艺术,本科,,,4.5
中央民族大学,北京,国家民族事务委员会,民族,本科,985/211,,4.2
中国政法大学,北京,教育部,政法,本科,,,4.5
华北电力大学(北京),北京,教育部,工科,本科,,,4.3
北京工业职业技术学院,北京,北京市教育委员会,工科,高职(专科),,,4.1

[[32mINFO [m] 2019-06-25 16:43:53,401 Controller.writeYggkDataToCSV() - 院校名称,院校所在地,院校隶属,院校类型,学历层次,院校特性,是否有研究生院,满意度
北京大学,北京,教育部,综合,本科,985/211,有,4.7
中国人民大学,北京,教育部,综合,本科,985/211,有,4.8
清华大学,北京,教育部,工科,本科,985/211,有,4.8
北京交通大学,北京,教育部,工科,本科/高职(专科),,有,4.4
北京工业大学,北京,北京市教育委员会,工科,本科/高职(专科),,,4.4
北京航空航天大学,北京,工业和信息化部,工科,本科,985/211,有,4.5
北京理工大学,北京,工业和信息化部,工科,本科,985/211,有,4.5
北京科技大学,北京,教育部,工科,本科/高职(专科),,有,4.5
北方工业大学,北京,北京市教育委员会,工科,本科,,,4.5
北京化工大学,北京,教育部,工科,本科/高职(专科),,,4.1
北京工商大学,北京,北京市教育委员会,财经,本科,,,4.2
北京服装学院,北京,北京市教育委员会,工科,本科,,,4.2
北京邮电大学,北京,教育部,工科,本科,,有,4.3
北京印刷学院,北京,北京市教育委员会,工科,本科/高职(专科),,,4.2
北京建筑大学,北京,北京市教育委员会,工科,本科,,,4.2
北京石油化工学院,北京,北京市教育委员会,工科,本科,,,3.8
北京电子科技学院,北京,中共中央办公厅,工科,本科,,,4.8
中国农业大学,北京,教育部,农业,本科,985/211,有,4.7
北京农学院,北京,北京市教育委员会,农业,本科/高职(专科),,,3.9
北京林业大学,北京,教育部,林业,本科,,有,4.4
北京协和医学院(清华大学医学部),北京,国家卫生健康委员会,医药,本科/高职(专科),985/211,有,4.2
首都医科大学,北京,北京市教育委员会,医药,本科/高职(专科),,,4.0
北京中医药大学,北京,教育部,医药,本科/高职(专科),,,3.8
北京师范大学,北京,教育部,师范,本科,985/211,有,4.5
首都师范大学,北京,北京市教育委员会,师范,本科,,,4.0
首都体育学院,北京,北京市教育委员会,体育,本科,,,4.2
北京外国语大学,北京,教育部,语言,本科,,,4.3
北京第二外国语学院,北京,北京市教育委员会,语言,本科,,,4.3
北京语言大学,北京,教育部,语言,本科,,,4.1
中国传媒大学,北京,教育部,语言,本科/高职(专科),,,4.5
中央财经大学,北京,教育部,财经,本科,,,4.2
对外经济贸易大学,北京,教育部,财经,本科,,,4.7
北京物资学院,北京,北京市教育委员会,财经,本科,,,4.0
首都经济贸易大学,北京,北京市教育委员会,财经,本科/高职(专科),,,4.2
中国消防救援学院,北京,应急管理部,综合,本科,,,--
外交学院,北京,外交部,语言,本科,,,4.1
中国人民公安大学,北京,公安部,政法,本科,,,4.4
国际关系学院,北京,其他主管部门1,综合,本科,,,4.2
北京体育大学,北京,国家体育总局,体育,本科,,,4.0
中央音乐学院,北京,教育部,艺术,本科,,,4.7
中国音乐学院,北京,北京市教育委员会,艺术,本科,,,4.3
中央美术学院,北京,教育部,艺术,本科/高职(专科),,,4.6
中央戏剧学院,北京,教育部,艺术,本科/高职(专科),,,4.8
中国戏曲学院,北京,北京市教育委员会,艺术,本科,,,4.6
北京电影学院,北京,北京市教育委员会,艺术,本科,,,4.6
北京舞蹈学院,北京,北京市教育委员会,艺术,本科,,,4.5
中央民族大学,北京,国家民族事务委员会,民族,本科,985/211,,4.2
中国政法大学,北京,教育部,政法,本科,,,4.5
华北电力大学(北京),北京,教育部,工科,本科,,,4.3
北京工业职业技术学院,北京,北京市教育委员会,工科,高职(专科),,,4.1
北京信息职业技术学院,北京,北京市教育委员会,工科,高职(专科),,,3.7

[[32mINFO [m] 2019-06-25 16:43:53,401 Controller.writeYggkDataToCSV() - 院校名称,院校所在地,院校隶属,院校类型,学历层次,院校特性,是否有研究生院,满意度
北京大学,北京,教育部,综合,本科,985/211,有,4.7
中国人民大学,北京,教育部,综合,本科,985/211,有,4.8
清华大学,北京,教育部,工科,本科,985/211,有,4.8
北京交通大学,北京,教育部,工科,本科/高职(专科),,有,4.4
北京工业大学,北京,北京市教育委员会,工科,本科/高职(专科),,,4.4
北京航空航天大学,北京,工业和信息化部,工科,本科,985/211,有,4.5
北京理工大学,北京,工业和信息化部,工科,本科,985/211,有,4.5
北京科技大学,北京,教育部,工科,本科/高职(专科),,有,4.5
北方工业大学,北京,北京市教育委员会,工科,本科,,,4.5
北京化工大学,北京,教育部,工科,本科/高职(专科),,,4.1
北京工商大学,北京,北京市教育委员会,财经,本科,,,4.2
北京服装学院,北京,北京市教育委员会,工科,本科,,,4.2
北京邮电大学,北京,教育部,工科,本科,,有,4.3
北京印刷学院,北京,北京市教育委员会,工科,本科/高职(专科),,,4.2
北京建筑大学,北京,北京市教育委员会,工科,本科,,,4.2
北京石油化工学院,北京,北京市教育委员会,工科,本科,,,3.8
北京电子科技学院,北京,中共中央办公厅,工科,本科,,,4.8
中国农业大学,北京,教育部,农业,本科,985/211,有,4.7
北京农学院,北京,北京市教育委员会,农业,本科/高职(专科),,,3.9
北京林业大学,北京,教育部,林业,本科,,有,4.4
北京协和医学院(清华大学医学部),北京,国家卫生健康委员会,医药,本科/高职(专科),985/211,有,4.2
首都医科大学,北京,北京市教育委员会,医药,本科/高职(专科),,,4.0
北京中医药大学,北京,教育部,医药,本科/高职(专科),,,3.8
北京师范大学,北京,教育部,师范,本科,985/211,有,4.5
首都师范大学,北京,北京市教育委员会,师范,本科,,,4.0
首都体育学院,北京,北京市教育委员会,体育,本科,,,4.2
北京外国语大学,北京,教育部,语言,本科,,,4.3
北京第二外国语学院,北京,北京市教育委员会,语言,本科,,,4.3
北京语言大学,北京,教育部,语言,本科,,,4.1
中国传媒大学,北京,教育部,语言,本科/高职(专科),,,4.5
中央财经大学,北京,教育部,财经,本科,,,4.2
对外经济贸易大学,北京,教育部,财经,本科,,,4.7
北京物资学院,北京,北京市教育委员会,财经,本科,,,4.0
首都经济贸易大学,北京,北京市教育委员会,财经,本科/高职(专科),,,4.2
中国消防救援学院,北京,应急管理部,综合,本科,,,--
外交学院,北京,外交部,语言,本科,,,4.1
中国人民公安大学,北京,公安部,政法,本科,,,4.4
国际关系学院,北京,其他主管部门1,综合,本科,,,4.2
北京体育大学,北京,国家体育总局,体育,本科,,,4.0
中央音乐学院,北京,教育部,艺术,本科,,,4.7
中国音乐学院,北京,北京市教育委员会,艺术,本科,,,4.3
中央美术学院,北京,教育部,艺术,本科/高职(专科),,,4.6
中央戏剧学院,北京,教育部,艺术,本科/高职(专科),,,4.8
中国戏曲学院,北京,北京市教育委员会,艺术,本科,,,4.6
北京电影学院,北京,北京市教育委员会,艺术,本科,,,4.6
北京舞蹈学院,北京,北京市教育委员会,艺术,本科,,,4.5
中央民族大学,北京,国家民族事务委员会,民族,本科,985/211,,4.2
中国政法大学,北京,教育部,政法,本科,,,4.5
华北电力大学(北京),北京,教育部,工科,本科,,,4.3
北京工业职业技术学院,北京,北京市教育委员会,工科,高职(专科),,,4.1
北京信息职业技术学院,北京,北京市教育委员会,工科,高职(专科),,,3.7
北京电子科技职业学院,北京,北京市教育委员会,工科,高职(专科),,,3.4

[[32mINFO [m] 2019-06-25 16:43:53,402 Controller.writeYggkDataToCSV() - 院校名称,院校所在地,院校隶属,院校类型,学历层次,院校特性,是否有研究生院,满意度
北京大学,北京,教育部,综合,本科,985/211,有,4.7
中国人民大学,北京,教育部,综合,本科,985/211,有,4.8
清华大学,北京,教育部,工科,本科,985/211,有,4.8
北京交通大学,北京,教育部,工科,本科/高职(专科),,有,4.4
北京工业大学,北京,北京市教育委员会,工科,本科/高职(专科),,,4.4
北京航空航天大学,北京,工业和信息化部,工科,本科,985/211,有,4.5
北京理工大学,北京,工业和信息化部,工科,本科,985/211,有,4.5
北京科技大学,北京,教育部,工科,本科/高职(专科),,有,4.5
北方工业大学,北京,北京市教育委员会,工科,本科,,,4.5
北京化工大学,北京,教育部,工科,本科/高职(专科),,,4.1
北京工商大学,北京,北京市教育委员会,财经,本科,,,4.2
北京服装学院,北京,北京市教育委员会,工科,本科,,,4.2
北京邮电大学,北京,教育部,工科,本科,,有,4.3
北京印刷学院,北京,北京市教育委员会,工科,本科/高职(专科),,,4.2
北京建筑大学,北京,北京市教育委员会,工科,本科,,,4.2
北京石油化工学院,北京,北京市教育委员会,工科,本科,,,3.8
北京电子科技学院,北京,中共中央办公厅,工科,本科,,,4.8
中国农业大学,北京,教育部,农业,本科,985/211,有,4.7
北京农学院,北京,北京市教育委员会,农业,本科/高职(专科),,,3.9
北京林业大学,北京,教育部,林业,本科,,有,4.4
北京协和医学院(清华大学医学部),北京,国家卫生健康委员会,医药,本科/高职(专科),985/211,有,4.2
首都医科大学,北京,北京市教育委员会,医药,本科/高职(专科),,,4.0
北京中医药大学,北京,教育部,医药,本科/高职(专科),,,3.8
北京师范大学,北京,教育部,师范,本科,985/211,有,4.5
首都师范大学,北京,北京市教育委员会,师范,本科,,,4.0
首都体育学院,北京,北京市教育委员会,体育,本科,,,4.2
北京外国语大学,北京,教育部,语言,本科,,,4.3
北京第二外国语学院,北京,北京市教育委员会,语言,本科,,,4.3
北京语言大学,北京,教育部,语言,本科,,,4.1
中国传媒大学,北京,教育部,语言,本科/高职(专科),,,4.5
中央财经大学,北京,教育部,财经,本科,,,4.2
对外经济贸易大学,北京,教育部,财经,本科,,,4.7
北京物资学院,北京,北京市教育委员会,财经,本科,,,4.0
首都经济贸易大学,北京,北京市教育委员会,财经,本科/高职(专科),,,4.2
中国消防救援学院,北京,应急管理部,综合,本科,,,--
外交学院,北京,外交部,语言,本科,,,4.1
中国人民公安大学,北京,公安部,政法,本科,,,4.4
国际关系学院,北京,其他主管部门1,综合,本科,,,4.2
北京体育大学,北京,国家体育总局,体育,本科,,,4.0
中央音乐学院,北京,教育部,艺术,本科,,,4.7
中国音乐学院,北京,北京市教育委员会,艺术,本科,,,4.3
中央美术学院,北京,教育部,艺术,本科/高职(专科),,,4.6
中央戏剧学院,北京,教育部,艺术,本科/高职(专科),,,4.8
中国戏曲学院,北京,北京市教育委员会,艺术,本科,,,4.6
北京电影学院,北京,北京市教育委员会,艺术,本科,,,4.6
北京舞蹈学院,北京,北京市教育委员会,艺术,本科,,,4.5
中央民族大学,北京,国家民族事务委员会,民族,本科,985/211,,4.2
中国政法大学,北京,教育部,政法,本科,,,4.5
华北电力大学(北京),北京,教育部,工科,本科,,,4.3
北京工业职业技术学院,北京,北京市教育委员会,工科,高职(专科),,,4.1
北京信息职业技术学院,北京,北京市教育委员会,工科,高职(专科),,,3.7
北京电子科技职业学院,北京,北京市教育委员会,工科,高职(专科),,,3.4
北京京北职业技术学院,北京,北京市教育委员会,工科,高职(专科),,,3.5

[[32mINFO [m] 2019-06-25 16:43:53,402 Controller.writeYggkDataToCSV() - 院校名称,院校所在地,院校隶属,院校类型,学历层次,院校特性,是否有研究生院,满意度
北京大学,北京,教育部,综合,本科,985/211,有,4.7
中国人民大学,北京,教育部,综合,本科,985/211,有,4.8
清华大学,北京,教育部,工科,本科,985/211,有,4.8
北京交通大学,北京,教育部,工科,本科/高职(专科),,有,4.4
北京工业大学,北京,北京市教育委员会,工科,本科/高职(专科),,,4.4
北京航空航天大学,北京,工业和信息化部,工科,本科,985/211,有,4.5
北京理工大学,北京,工业和信息化部,工科,本科,985/211,有,4.5
北京科技大学,北京,教育部,工科,本科/高职(专科),,有,4.5
北方工业大学,北京,北京市教育委员会,工科,本科,,,4.5
北京化工大学,北京,教育部,工科,本科/高职(专科),,,4.1
北京工商大学,北京,北京市教育委员会,财经,本科,,,4.2
北京服装学院,北京,北京市教育委员会,工科,本科,,,4.2
北京邮电大学,北京,教育部,工科,本科,,有,4.3
北京印刷学院,北京,北京市教育委员会,工科,本科/高职(专科),,,4.2
北京建筑大学,北京,北京市教育委员会,工科,本科,,,4.2
北京石油化工学院,北京,北京市教育委员会,工科,本科,,,3.8
北京电子科技学院,北京,中共中央办公厅,工科,本科,,,4.8
中国农业大学,北京,教育部,农业,本科,985/211,有,4.7
北京农学院,北京,北京市教育委员会,农业,本科/高职(专科),,,3.9
北京林业大学,北京,教育部,林业,本科,,有,4.4
北京协和医学院(清华大学医学部),北京,国家卫生健康委员会,医药,本科/高职(专科),985/211,有,4.2
首都医科大学,北京,北京市教育委员会,医药,本科/高职(专科),,,4.0
北京中医药大学,北京,教育部,医药,本科/高职(专科),,,3.8
北京师范大学,北京,教育部,师范,本科,985/211,有,4.5
首都师范大学,北京,北京市教育委员会,师范,本科,,,4.0
首都体育学院,北京,北京市教育委员会,体育,本科,,,4.2
北京外国语大学,北京,教育部,语言,本科,,,4.3
北京第二外国语学院,北京,北京市教育委员会,语言,本科,,,4.3
北京语言大学,北京,教育部,语言,本科,,,4.1
中国传媒大学,北京,教育部,语言,本科/高职(专科),,,4.5
中央财经大学,北京,教育部,财经,本科,,,4.2
对外经济贸易大学,北京,教育部,财经,本科,,,4.7
北京物资学院,北京,北京市教育委员会,财经,本科,,,4.0
首都经济贸易大学,北京,北京市教育委员会,财经,本科/高职(专科),,,4.2
中国消防救援学院,北京,应急管理部,综合,本科,,,--
外交学院,北京,外交部,语言,本科,,,4.1
中国人民公安大学,北京,公安部,政法,本科,,,4.4
国际关系学院,北京,其他主管部门1,综合,本科,,,4.2
北京体育大学,北京,国家体育总局,体育,本科,,,4.0
中央音乐学院,北京,教育部,艺术,本科,,,4.7
中国音乐学院,北京,北京市教育委员会,艺术,本科,,,4.3
中央美术学院,北京,教育部,艺术,本科/高职(专科),,,4.6
中央戏剧学院,北京,教育部,艺术,本科/高职(专科),,,4.8
中国戏曲学院,北京,北京市教育委员会,艺术,本科,,,4.6
北京电影学院,北京,北京市教育委员会,艺术,本科,,,4.6
北京舞蹈学院,北京,北京市教育委员会,艺术,本科,,,4.5
中央民族大学,北京,国家民族事务委员会,民族,本科,985/211,,4.2
中国政法大学,北京,教育部,政法,本科,,,4.5
华北电力大学(北京),北京,教育部,工科,本科,,,4.3
北京工业职业技术学院,北京,北京市教育委员会,工科,高职(专科),,,4.1
北京信息职业技术学院,北京,北京市教育委员会,工科,高职(专科),,,3.7
北京电子科技职业学院,北京,北京市教育委员会,工科,高职(专科),,,3.4
北京京北职业技术学院,北京,北京市教育委员会,工科,高职(专科),,,3.5
首都经济贸易大学密云分校,北京,北京市教育委员会,财经,高职(专科),,,3.4

[[32mINFO [m] 2019-06-25 16:43:53,402 Controller.writeYggkDataToCSV() - 院校名称,院校所在地,院校隶属,院校类型,学历层次,院校特性,是否有研究生院,满意度
北京大学,北京,教育部,综合,本科,985/211,有,4.7
中国人民大学,北京,教育部,综合,本科,985/211,有,4.8
清华大学,北京,教育部,工科,本科,985/211,有,4.8
北京交通大学,北京,教育部,工科,本科/高职(专科),,有,4.4
北京工业大学,北京,北京市教育委员会,工科,本科/高职(专科),,,4.4
北京航空航天大学,北京,工业和信息化部,工科,本科,985/211,有,4.5
北京理工大学,北京,工业和信息化部,工科,本科,985/211,有,4.5
北京科技大学,北京,教育部,工科,本科/高职(专科),,有,4.5
北方工业大学,北京,北京市教育委员会,工科,本科,,,4.5
北京化工大学,北京,教育部,工科,本科/高职(专科),,,4.1
北京工商大学,北京,北京市教育委员会,财经,本科,,,4.2
北京服装学院,北京,北京市教育委员会,工科,本科,,,4.2
北京邮电大学,北京,教育部,工科,本科,,有,4.3
北京印刷学院,北京,北京市教育委员会,工科,本科/高职(专科),,,4.2
北京建筑大学,北京,北京市教育委员会,工科,本科,,,4.2
北京石油化工学院,北京,北京市教育委员会,工科,本科,,,3.8
北京电子科技学院,北京,中共中央办公厅,工科,本科,,,4.8
中国农业大学,北京,教育部,农业,本科,985/211,有,4.7
北京农学院,北京,北京市教育委员会,农业,本科/高职(专科),,,3.9
北京林业大学,北京,教育部,林业,本科,,有,4.4
北京协和医学院(清华大学医学部),北京,国家卫生健康委员会,医药,本科/高职(专科),985/211,有,4.2
首都医科大学,北京,北京市教育委员会,医药,本科/高职(专科),,,4.0
北京中医药大学,北京,教育部,医药,本科/高职(专科),,,3.8
北京师范大学,北京,教育部,师范,本科,985/211,有,4.5
首都师范大学,北京,北京市教育委员会,师范,本科,,,4.0
首都体育学院,北京,北京市教育委员会,体育,本科,,,4.2
北京外国语大学,北京,教育部,语言,本科,,,4.3
北京第二外国语学院,北京,北京市教育委员会,语言,本科,,,4.3
北京语言大学,北京,教育部,语言,本科,,,4.1
中国传媒大学,北京,教育部,语言,本科/高职(专科),,,4.5
中央财经大学,北京,教育部,财经,本科,,,4.2
对外经济贸易大学,北京,教育部,财经,本科,,,4.7
北京物资学院,北京,北京市教育委员会,财经,本科,,,4.0
首都经济贸易大学,北京,北京市教育委员会,财经,本科/高职(专科),,,4.2
中国消防救援学院,北京,应急管理部,综合,本科,,,--
外交学院,北京,外交部,语言,本科,,,4.1
中国人民公安大学,北京,公安部,政法,本科,,,4.4
国际关系学院,北京,其他主管部门1,综合,本科,,,4.2
北京体育大学,北京,国家体育总局,体育,本科,,,4.0
中央音乐学院,北京,教育部,艺术,本科,,,4.7
中国音乐学院,北京,北京市教育委员会,艺术,本科,,,4.3
中央美术学院,北京,教育部,艺术,本科/高职(专科),,,4.6
中央戏剧学院,北京,教育部,艺术,本科/高职(专科),,,4.8
中国戏曲学院,北京,北京市教育委员会,艺术,本科,,,4.6
北京电影学院,北京,北京市教育委员会,艺术,本科,,,4.6
北京舞蹈学院,北京,北京市教育委员会,艺术,本科,,,4.5
中央民族大学,北京,国家民族事务委员会,民族,本科,985/211,,4.2
中国政法大学,北京,教育部,政法,本科,,,4.5
华北电力大学(北京),北京,教育部,工科,本科,,,4.3
北京工业职业技术学院,北京,北京市教育委员会,工科,高职(专科),,,4.1
北京信息职业技术学院,北京,北京市教育委员会,工科,高职(专科),,,3.7
北京电子科技职业学院,北京,北京市教育委员会,工科,高职(专科),,,3.4
北京京北职业技术学院,北京,北京市教育委员会,工科,高职(专科),,,3.5
首都经济贸易大学密云分校,北京,北京市教育委员会,财经,高职(专科),,,3.4
中华女子学院,北京,中华全国妇女联合会,语言,本科/高职(专科),,,4.3

[[32mINFO [m] 2019-06-25 16:43:53,403 Controller.writeYggkDataToCSV() - 院校名称,院校所在地,院校隶属,院校类型,学历层次,院校特性,是否有研究生院,满意度
北京大学,北京,教育部,综合,本科,985/211,有,4.7
中国人民大学,北京,教育部,综合,本科,985/211,有,4.8
清华大学,北京,教育部,工科,本科,985/211,有,4.8
北京交通大学,北京,教育部,工科,本科/高职(专科),,有,4.4
北京工业大学,北京,北京市教育委员会,工科,本科/高职(专科),,,4.4
北京航空航天大学,北京,工业和信息化部,工科,本科,985/211,有,4.5
北京理工大学,北京,工业和信息化部,工科,本科,985/211,有,4.5
北京科技大学,北京,教育部,工科,本科/高职(专科),,有,4.5
北方工业大学,北京,北京市教育委员会,工科,本科,,,4.5
北京化工大学,北京,教育部,工科,本科/高职(专科),,,4.1
北京工商大学,北京,北京市教育委员会,财经,本科,,,4.2
北京服装学院,北京,北京市教育委员会,工科,本科,,,4.2
北京邮电大学,北京,教育部,工科,本科,,有,4.3
北京印刷学院,北京,北京市教育委员会,工科,本科/高职(专科),,,4.2
北京建筑大学,北京,北京市教育委员会,工科,本科,,,4.2
北京石油化工学院,北京,北京市教育委员会,工科,本科,,,3.8
北京电子科技学院,北京,中共中央办公厅,工科,本科,,,4.8
中国农业大学,北京,教育部,农业,本科,985/211,有,4.7
北京农学院,北京,北京市教育委员会,农业,本科/高职(专科),,,3.9
北京林业大学,北京,教育部,林业,本科,,有,4.4
北京协和医学院(清华大学医学部),北京,国家卫生健康委员会,医药,本科/高职(专科),985/211,有,4.2
首都医科大学,北京,北京市教育委员会,医药,本科/高职(专科),,,4.0
北京中医药大学,北京,教育部,医药,本科/高职(专科),,,3.8
北京师范大学,北京,教育部,师范,本科,985/211,有,4.5
首都师范大学,北京,北京市教育委员会,师范,本科,,,4.0
首都体育学院,北京,北京市教育委员会,体育,本科,,,4.2
北京外国语大学,北京,教育部,语言,本科,,,4.3
北京第二外国语学院,北京,北京市教育委员会,语言,本科,,,4.3
北京语言大学,北京,教育部,语言,本科,,,4.1
中国传媒大学,北京,教育部,语言,本科/高职(专科),,,4.5
中央财经大学,北京,教育部,财经,本科,,,4.2
对外经济贸易大学,北京,教育部,财经,本科,,,4.7
北京物资学院,北京,北京市教育委员会,财经,本科,,,4.0
首都经济贸易大学,北京,北京市教育委员会,财经,本科/高职(专科),,,4.2
中国消防救援学院,北京,应急管理部,综合,本科,,,--
外交学院,北京,外交部,语言,本科,,,4.1
中国人民公安大学,北京,公安部,政法,本科,,,4.4
国际关系学院,北京,其他主管部门1,综合,本科,,,4.2
北京体育大学,北京,国家体育总局,体育,本科,,,4.0
中央音乐学院,北京,教育部,艺术,本科,,,4.7
中国音乐学院,北京,北京市教育委员会,艺术,本科,,,4.3
中央美术学院,北京,教育部,艺术,本科/高职(专科),,,4.6
中央戏剧学院,北京,教育部,艺术,本科/高职(专科),,,4.8
中国戏曲学院,北京,北京市教育委员会,艺术,本科,,,4.6
北京电影学院,北京,北京市教育委员会,艺术,本科,,,4.6
北京舞蹈学院,北京,北京市教育委员会,艺术,本科,,,4.5
中央民族大学,北京,国家民族事务委员会,民族,本科,985/211,,4.2
中国政法大学,北京,教育部,政法,本科,,,4.5
华北电力大学(北京),北京,教育部,工科,本科,,,4.3
北京工业职业技术学院,北京,北京市教育委员会,工科,高职(专科),,,4.1
北京信息职业技术学院,北京,北京市教育委员会,工科,高职(专科),,,3.7
北京电子科技职业学院,北京,北京市教育委员会,工科,高职(专科),,,3.4
北京京北职业技术学院,北京,北京市教育委员会,工科,高职(专科),,,3.5
首都经济贸易大学密云分校,北京,北京市教育委员会,财经,高职(专科),,,3.4
中华女子学院,北京,中华全国妇女联合会,语言,本科/高职(专科),,,4.3
北京信息科技大学,北京,北京市教育委员会,工科,本科,,,3.9

[[32mINFO [m] 2019-06-25 16:43:53,403 Controller.writeYggkDataToCSV() - 院校名称,院校所在地,院校隶属,院校类型,学历层次,院校特性,是否有研究生院,满意度
北京大学,北京,教育部,综合,本科,985/211,有,4.7
中国人民大学,北京,教育部,综合,本科,985/211,有,4.8
清华大学,北京,教育部,工科,本科,985/211,有,4.8
北京交通大学,北京,教育部,工科,本科/高职(专科),,有,4.4
北京工业大学,北京,北京市教育委员会,工科,本科/高职(专科),,,4.4
北京航空航天大学,北京,工业和信息化部,工科,本科,985/211,有,4.5
北京理工大学,北京,工业和信息化部,工科,本科,985/211,有,4.5
北京科技大学,北京,教育部,工科,本科/高职(专科),,有,4.5
北方工业大学,北京,北京市教育委员会,工科,本科,,,4.5
北京化工大学,北京,教育部,工科,本科/高职(专科),,,4.1
北京工商大学,北京,北京市教育委员会,财经,本科,,,4.2
北京服装学院,北京,北京市教育委员会,工科,本科,,,4.2
北京邮电大学,北京,教育部,工科,本科,,有,4.3
北京印刷学院,北京,北京市教育委员会,工科,本科/高职(专科),,,4.2
北京建筑大学,北京,北京市教育委员会,工科,本科,,,4.2
北京石油化工学院,北京,北京市教育委员会,工科,本科,,,3.8
北京电子科技学院,北京,中共中央办公厅,工科,本科,,,4.8
中国农业大学,北京,教育部,农业,本科,985/211,有,4.7
北京农学院,北京,北京市教育委员会,农业,本科/高职(专科),,,3.9
北京林业大学,北京,教育部,林业,本科,,有,4.4
北京协和医学院(清华大学医学部),北京,国家卫生健康委员会,医药,本科/高职(专科),985/211,有,4.2
首都医科大学,北京,北京市教育委员会,医药,本科/高职(专科),,,4.0
北京中医药大学,北京,教育部,医药,本科/高职(专科),,,3.8
北京师范大学,北京,教育部,师范,本科,985/211,有,4.5
首都师范大学,北京,北京市教育委员会,师范,本科,,,4.0
首都体育学院,北京,北京市教育委员会,体育,本科,,,4.2
北京外国语大学,北京,教育部,语言,本科,,,4.3
北京第二外国语学院,北京,北京市教育委员会,语言,本科,,,4.3
北京语言大学,北京,教育部,语言,本科,,,4.1
中国传媒大学,北京,教育部,语言,本科/高职(专科),,,4.5
中央财经大学,北京,教育部,财经,本科,,,4.2
对外经济贸易大学,北京,教育部,财经,本科,,,4.7
北京物资学院,北京,北京市教育委员会,财经,本科,,,4.0
首都经济贸易大学,北京,北京市教育委员会,财经,本科/高职(专科),,,4.2
中国消防救援学院,北京,应急管理部,综合,本科,,,--
外交学院,北京,外交部,语言,本科,,,4.1
中国人民公安大学,北京,公安部,政法,本科,,,4.4
国际关系学院,北京,其他主管部门1,综合,本科,,,4.2
北京体育大学,北京,国家体育总局,体育,本科,,,4.0
中央音乐学院,北京,教育部,艺术,本科,,,4.7
中国音乐学院,北京,北京市教育委员会,艺术,本科,,,4.3
中央美术学院,北京,教育部,艺术,本科/高职(专科),,,4.6
中央戏剧学院,北京,教育部,艺术,本科/高职(专科),,,4.8
中国戏曲学院,北京,北京市教育委员会,艺术,本科,,,4.6
北京电影学院,北京,北京市教育委员会,艺术,本科,,,4.6
北京舞蹈学院,北京,北京市教育委员会,艺术,本科,,,4.5
中央民族大学,北京,国家民族事务委员会,民族,本科,985/211,,4.2
中国政法大学,北京,教育部,政法,本科,,,4.5
华北电力大学(北京),北京,教育部,工科,本科,,,4.3
北京工业职业技术学院,北京,北京市教育委员会,工科,高职(专科),,,4.1
北京信息职业技术学院,北京,北京市教育委员会,工科,高职(专科),,,3.7
北京电子科技职业学院,北京,北京市教育委员会,工科,高职(专科),,,3.4
北京京北职业技术学院,北京,北京市教育委员会,工科,高职(专科),,,3.5
首都经济贸易大学密云分校,北京,北京市教育委员会,财经,高职(专科),,,3.4
中华女子学院,北京,中华全国妇女联合会,语言,本科/高职(专科),,,4.3
北京信息科技大学,北京,北京市教育委员会,工科,本科,,,3.9
中国矿业大学(北京),北京,教育部,工科,本科,,有,4.3

[[32mINFO [m] 2019-06-25 16:43:53,403 Controller.writeYggkDataToCSV() - 院校名称,院校所在地,院校隶属,院校类型,学历层次,院校特性,是否有研究生院,满意度
北京大学,北京,教育部,综合,本科,985/211,有,4.7
中国人民大学,北京,教育部,综合,本科,985/211,有,4.8
清华大学,北京,教育部,工科,本科,985/211,有,4.8
北京交通大学,北京,教育部,工科,本科/高职(专科),,有,4.4
北京工业大学,北京,北京市教育委员会,工科,本科/高职(专科),,,4.4
北京航空航天大学,北京,工业和信息化部,工科,本科,985/211,有,4.5
北京理工大学,北京,工业和信息化部,工科,本科,985/211,有,4.5
北京科技大学,北京,教育部,工科,本科/高职(专科),,有,4.5
北方工业大学,北京,北京市教育委员会,工科,本科,,,4.5
北京化工大学,北京,教育部,工科,本科/高职(专科),,,4.1
北京工商大学,北京,北京市教育委员会,财经,本科,,,4.2
北京服装学院,北京,北京市教育委员会,工科,本科,,,4.2
北京邮电大学,北京,教育部,工科,本科,,有,4.3
北京印刷学院,北京,北京市教育委员会,工科,本科/高职(专科),,,4.2
北京建筑大学,北京,北京市教育委员会,工科,本科,,,4.2
北京石油化工学院,北京,北京市教育委员会,工科,本科,,,3.8
北京电子科技学院,北京,中共中央办公厅,工科,本科,,,4.8
中国农业大学,北京,教育部,农业,本科,985/211,有,4.7
北京农学院,北京,北京市教育委员会,农业,本科/高职(专科),,,3.9
北京林业大学,北京,教育部,林业,本科,,有,4.4
北京协和医学院(清华大学医学部),北京,国家卫生健康委员会,医药,本科/高职(专科),985/211,有,4.2
首都医科大学,北京,北京市教育委员会,医药,本科/高职(专科),,,4.0
北京中医药大学,北京,教育部,医药,本科/高职(专科),,,3.8
北京师范大学,北京,教育部,师范,本科,985/211,有,4.5
首都师范大学,北京,北京市教育委员会,师范,本科,,,4.0
首都体育学院,北京,北京市教育委员会,体育,本科,,,4.2
北京外国语大学,北京,教育部,语言,本科,,,4.3
北京第二外国语学院,北京,北京市教育委员会,语言,本科,,,4.3
北京语言大学,北京,教育部,语言,本科,,,4.1
中国传媒大学,北京,教育部,语言,本科/高职(专科),,,4.5
中央财经大学,北京,教育部,财经,本科,,,4.2
对外经济贸易大学,北京,教育部,财经,本科,,,4.7
北京物资学院,北京,北京市教育委员会,财经,本科,,,4.0
首都经济贸易大学,北京,北京市教育委员会,财经,本科/高职(专科),,,4.2
中国消防救援学院,北京,应急管理部,综合,本科,,,--
外交学院,北京,外交部,语言,本科,,,4.1
中国人民公安大学,北京,公安部,政法,本科,,,4.4
国际关系学院,北京,其他主管部门1,综合,本科,,,4.2
北京体育大学,北京,国家体育总局,体育,本科,,,4.0
中央音乐学院,北京,教育部,艺术,本科,,,4.7
中国音乐学院,北京,北京市教育委员会,艺术,本科,,,4.3
中央美术学院,北京,教育部,艺术,本科/高职(专科),,,4.6
中央戏剧学院,北京,教育部,艺术,本科/高职(专科),,,4.8
中国戏曲学院,北京,北京市教育委员会,艺术,本科,,,4.6
北京电影学院,北京,北京市教育委员会,艺术,本科,,,4.6
北京舞蹈学院,北京,北京市教育委员会,艺术,本科,,,4.5
中央民族大学,北京,国家民族事务委员会,民族,本科,985/211,,4.2
中国政法大学,北京,教育部,政法,本科,,,4.5
华北电力大学(北京),北京,教育部,工科,本科,,,4.3
北京工业职业技术学院,北京,北京市教育委员会,工科,高职(专科),,,4.1
北京信息职业技术学院,北京,北京市教育委员会,工科,高职(专科),,,3.7
北京电子科技职业学院,北京,北京市教育委员会,工科,高职(专科),,,3.4
北京京北职业技术学院,北京,北京市教育委员会,工科,高职(专科),,,3.5
首都经济贸易大学密云分校,北京,北京市教育委员会,财经,高职(专科),,,3.4
中华女子学院,北京,中华全国妇女联合会,语言,本科/高职(专科),,,4.3
北京信息科技大学,北京,北京市教育委员会,工科,本科,,,3.9
中国矿业大学(北京),北京,教育部,工科,本科,,有,4.3
中国石油大学(北京),北京,教育部,工科,本科,,有,4.2

[[32mINFO [m] 2019-06-25 16:43:53,404 Controller.writeYggkDataToCSV() - 院校名称,院校所在地,院校隶属,院校类型,学历层次,院校特性,是否有研究生院,满意度
北京大学,北京,教育部,综合,本科,985/211,有,4.7
中国人民大学,北京,教育部,综合,本科,985/211,有,4.8
清华大学,北京,教育部,工科,本科,985/211,有,4.8
北京交通大学,北京,教育部,工科,本科/高职(专科),,有,4.4
北京工业大学,北京,北京市教育委员会,工科,本科/高职(专科),,,4.4
北京航空航天大学,北京,工业和信息化部,工科,本科,985/211,有,4.5
北京理工大学,北京,工业和信息化部,工科,本科,985/211,有,4.5
北京科技大学,北京,教育部,工科,本科/高职(专科),,有,4.5
北方工业大学,北京,北京市教育委员会,工科,本科,,,4.5
北京化工大学,北京,教育部,工科,本科/高职(专科),,,4.1
北京工商大学,北京,北京市教育委员会,财经,本科,,,4.2
北京服装学院,北京,北京市教育委员会,工科,本科,,,4.2
北京邮电大学,北京,教育部,工科,本科,,有,4.3
北京印刷学院,北京,北京市教育委员会,工科,本科/高职(专科),,,4.2
北京建筑大学,北京,北京市教育委员会,工科,本科,,,4.2
北京石油化工学院,北京,北京市教育委员会,工科,本科,,,3.8
北京电子科技学院,北京,中共中央办公厅,工科,本科,,,4.8
中国农业大学,北京,教育部,农业,本科,985/211,有,4.7
北京农学院,北京,北京市教育委员会,农业,本科/高职(专科),,,3.9
北京林业大学,北京,教育部,林业,本科,,有,4.4
北京协和医学院(清华大学医学部),北京,国家卫生健康委员会,医药,本科/高职(专科),985/211,有,4.2
首都医科大学,北京,北京市教育委员会,医药,本科/高职(专科),,,4.0
北京中医药大学,北京,教育部,医药,本科/高职(专科),,,3.8
北京师范大学,北京,教育部,师范,本科,985/211,有,4.5
首都师范大学,北京,北京市教育委员会,师范,本科,,,4.0
首都体育学院,北京,北京市教育委员会,体育,本科,,,4.2
北京外国语大学,北京,教育部,语言,本科,,,4.3
北京第二外国语学院,北京,北京市教育委员会,语言,本科,,,4.3
北京语言大学,北京,教育部,语言,本科,,,4.1
中国传媒大学,北京,教育部,语言,本科/高职(专科),,,4.5
中央财经大学,北京,教育部,财经,本科,,,4.2
对外经济贸易大学,北京,教育部,财经,本科,,,4.7
北京物资学院,北京,北京市教育委员会,财经,本科,,,4.0
首都经济贸易大学,北京,北京市教育委员会,财经,本科/高职(专科),,,4.2
中国消防救援学院,北京,应急管理部,综合,本科,,,--
外交学院,北京,外交部,语言,本科,,,4.1
中国人民公安大学,北京,公安部,政法,本科,,,4.4
国际关系学院,北京,其他主管部门1,综合,本科,,,4.2
北京体育大学,北京,国家体育总局,体育,本科,,,4.0
中央音乐学院,北京,教育部,艺术,本科,,,4.7
中国音乐学院,北京,北京市教育委员会,艺术,本科,,,4.3
中央美术学院,北京,教育部,艺术,本科/高职(专科),,,4.6
中央戏剧学院,北京,教育部,艺术,本科/高职(专科),,,4.8
中国戏曲学院,北京,北京市教育委员会,艺术,本科,,,4.6
北京电影学院,北京,北京市教育委员会,艺术,本科,,,4.6
北京舞蹈学院,北京,北京市教育委员会,艺术,本科,,,4.5
中央民族大学,北京,国家民族事务委员会,民族,本科,985/211,,4.2
中国政法大学,北京,教育部,政法,本科,,,4.5
华北电力大学(北京),北京,教育部,工科,本科,,,4.3
北京工业职业技术学院,北京,北京市教育委员会,工科,高职(专科),,,4.1
北京信息职业技术学院,北京,北京市教育委员会,工科,高职(专科),,,3.7
北京电子科技职业学院,北京,北京市教育委员会,工科,高职(专科),,,3.4
北京京北职业技术学院,北京,北京市教育委员会,工科,高职(专科),,,3.5
首都经济贸易大学密云分校,北京,北京市教育委员会,财经,高职(专科),,,3.4
中华女子学院,北京,中华全国妇女联合会,语言,本科/高职(专科),,,4.3
北京信息科技大学,北京,北京市教育委员会,工科,本科,,,3.9
中国矿业大学(北京),北京,教育部,工科,本科,,有,4.3
中国石油大学(北京),北京,教育部,工科,本科,,有,4.2
中国地质大学(北京),北京,教育部,工科,本科,,有,4.3

[[32mINFO [m] 2019-06-25 16:43:53,404 Controller.writeYggkDataToCSV() - 院校名称,院校所在地,院校隶属,院校类型,学历层次,院校特性,是否有研究生院,满意度
北京大学,北京,教育部,综合,本科,985/211,有,4.7
中国人民大学,北京,教育部,综合,本科,985/211,有,4.8
清华大学,北京,教育部,工科,本科,985/211,有,4.8
北京交通大学,北京,教育部,工科,本科/高职(专科),,有,4.4
北京工业大学,北京,北京市教育委员会,工科,本科/高职(专科),,,4.4
北京航空航天大学,北京,工业和信息化部,工科,本科,985/211,有,4.5
北京理工大学,北京,工业和信息化部,工科,本科,985/211,有,4.5
北京科技大学,北京,教育部,工科,本科/高职(专科),,有,4.5
北方工业大学,北京,北京市教育委员会,工科,本科,,,4.5
北京化工大学,北京,教育部,工科,本科/高职(专科),,,4.1
北京工商大学,北京,北京市教育委员会,财经,本科,,,4.2
北京服装学院,北京,北京市教育委员会,工科,本科,,,4.2
北京邮电大学,北京,教育部,工科,本科,,有,4.3
北京印刷学院,北京,北京市教育委员会,工科,本科/高职(专科),,,4.2
北京建筑大学,北京,北京市教育委员会,工科,本科,,,4.2
北京石油化工学院,北京,北京市教育委员会,工科,本科,,,3.8
北京电子科技学院,北京,中共中央办公厅,工科,本科,,,4.8
中国农业大学,北京,教育部,农业,本科,985/211,有,4.7
北京农学院,北京,北京市教育委员会,农业,本科/高职(专科),,,3.9
北京林业大学,北京,教育部,林业,本科,,有,4.4
北京协和医学院(清华大学医学部),北京,国家卫生健康委员会,医药,本科/高职(专科),985/211,有,4.2
首都医科大学,北京,北京市教育委员会,医药,本科/高职(专科),,,4.0
北京中医药大学,北京,教育部,医药,本科/高职(专科),,,3.8
北京师范大学,北京,教育部,师范,本科,985/211,有,4.5
首都师范大学,北京,北京市教育委员会,师范,本科,,,4.0
首都体育学院,北京,北京市教育委员会,体育,本科,,,4.2
北京外国语大学,北京,教育部,语言,本科,,,4.3
北京第二外国语学院,北京,北京市教育委员会,语言,本科,,,4.3
北京语言大学,北京,教育部,语言,本科,,,4.1
中国传媒大学,北京,教育部,语言,本科/高职(专科),,,4.5
中央财经大学,北京,教育部,财经,本科,,,4.2
对外经济贸易大学,北京,教育部,财经,本科,,,4.7
北京物资学院,北京,北京市教育委员会,财经,本科,,,4.0
首都经济贸易大学,北京,北京市教育委员会,财经,本科/高职(专科),,,4.2
中国消防救援学院,北京,应急管理部,综合,本科,,,--
外交学院,北京,外交部,语言,本科,,,4.1
中国人民公安大学,北京,公安部,政法,本科,,,4.4
国际关系学院,北京,其他主管部门1,综合,本科,,,4.2
北京体育大学,北京,国家体育总局,体育,本科,,,4.0
中央音乐学院,北京,教育部,艺术,本科,,,4.7
中国音乐学院,北京,北京市教育委员会,艺术,本科,,,4.3
中央美术学院,北京,教育部,艺术,本科/高职(专科),,,4.6
中央戏剧学院,北京,教育部,艺术,本科/高职(专科),,,4.8
中国戏曲学院,北京,北京市教育委员会,艺术,本科,,,4.6
北京电影学院,北京,北京市教育委员会,艺术,本科,,,4.6
北京舞蹈学院,北京,北京市教育委员会,艺术,本科,,,4.5
中央民族大学,北京,国家民族事务委员会,民族,本科,985/211,,4.2
中国政法大学,北京,教育部,政法,本科,,,4.5
华北电力大学(北京),北京,教育部,工科,本科,,,4.3
北京工业职业技术学院,北京,北京市教育委员会,工科,高职(专科),,,4.1
北京信息职业技术学院,北京,北京市教育委员会,工科,高职(专科),,,3.7
北京电子科技职业学院,北京,北京市教育委员会,工科,高职(专科),,,3.4
北京京北职业技术学院,北京,北京市教育委员会,工科,高职(专科),,,3.5
首都经济贸易大学密云分校,北京,北京市教育委员会,财经,高职(专科),,,3.4
中华女子学院,北京,中华全国妇女联合会,语言,本科/高职(专科),,,4.3
北京信息科技大学,北京,北京市教育委员会,工科,本科,,,3.9
中国矿业大学(北京),北京,教育部,工科,本科,,有,4.3
中国石油大学(北京),北京,教育部,工科,本科,,有,4.2
中国地质大学(北京),北京,教育部,工科,本科,,有,4.3
北京联合大学,北京,北京市教育委员会,综合,本科/高职(专科),,,3.6

[[32mINFO [m] 2019-06-25 16:43:53,405 Util.savingToFile() - Successfully writing data to yggk.csv
