[[32mINFO [m] 2019-07-11 17:00:41,803 GaokaoApplication.logStarting() - Starting GaokaoApplication on andrews-MacBook-Pro.local with PID 40387 (/Users/andrew/Desktop/personal/code/gao-kao/backend/gaokao/target/classes started by andrew in /Users/andrew/Desktop/personal/code/gao-kao/backend/gaokao)
[[32mINFO [m] 2019-07-11 17:00:41,809 GaokaoApplication.logStartupProfileInfo() - No active profile set, falling back to default profiles: default
[[32mINFO [m] 2019-07-11 17:00:41,883 DevToolsPropertyDefaultsPostProcessor.logTo() - Devtools property defaults active! Set 'spring.devtools.add-properties' to 'false' to disable
[[32mINFO [m] 2019-07-11 17:00:41,883 DevToolsPropertyDefaultsPostProcessor.logTo() - For additional web related logging consider setting the 'logging.level.web' property to 'DEBUG'
[[32mINFO [m] 2019-07-11 17:00:42,858 RepositoryConfigurationDelegate.registerRepositoriesIn() - Bootstrapping Spring Data repositories in DEFAULT mode.
[[32mINFO [m] 2019-07-11 17:00:42,941 RepositoryConfigurationDelegate.registerRepositoriesIn() - Finished Spring Data repository scanning in 74ms. Found 3 repository interfaces.
[[32mINFO [m] 2019-07-11 17:00:43,290 PostProcessorRegistrationDelegate$BeanPostProcessorChecker.postProcessAfterInitialization() - Bean 'org.springframework.transaction.annotation.ProxyTransactionManagementConfiguration' of type [org.springframework.transaction.annotation.ProxyTransactionManagementConfiguration$$EnhancerBySpringCGLIB$$5b63c378] is not eligible for getting processed by all BeanPostProcessors (for example: not eligible for auto-proxying)
[[32mINFO [m] 2019-07-11 17:00:43,652 TomcatWebServer.initialize() - Tomcat initialized with port(s): 8080 (http)
[[32mINFO [m] 2019-07-11 17:00:43,669 Http11NioProtocol.log() - Initializing ProtocolHandler ["http-nio-8080"]
[[32mINFO [m] 2019-07-11 17:00:43,754 StandardService.log() - Starting service [Tomcat]
[[32mINFO [m] 2019-07-11 17:00:43,755 StandardEngine.log() - Starting Servlet engine: [Apache Tomcat/9.0.21]
[[32mINFO [m] 2019-07-11 17:00:43,856 [/].log() - Initializing Spring embedded WebApplicationContext
[[32mINFO [m] 2019-07-11 17:00:43,856 ContextLoader.prepareWebApplicationContext() - Root WebApplicationContext: initialization completed in 1973 ms
[[32mINFO [m] 2019-07-11 17:00:44,035 HikariDataSource.getConnection() - HikariPool-1 - Starting...
[[32mINFO [m] 2019-07-11 17:00:44,196 HikariDataSource.getConnection() - HikariPool-1 - Start completed.
[[32mINFO [m] 2019-07-11 17:00:44,242 LogHelper.logPersistenceUnitInformation() - HHH000204: Processing PersistenceUnitInfo [
	name: default
	...]
[[32mINFO [m] 2019-07-11 17:00:44,308 Version.logVersion() - HHH000412: Hibernate Core {5.3.10.Final}
[[32mINFO [m] 2019-07-11 17:00:44,310 Environment.<clinit>() - HHH000206: hibernate.properties not found
[[32mINFO [m] 2019-07-11 17:00:44,464 Version.<clinit>() - HCANN000001: Hibernate Commons Annotations {5.0.4.Final}
[[32mINFO [m] 2019-07-11 17:00:44,597 Dialect.<init>() - HHH000400: Using dialect: org.hibernate.dialect.MySQL5InnoDBDialect
[[32mINFO [m] 2019-07-11 17:00:45,279 LocalContainerEntityManagerFactoryBean.buildNativeEntityManagerFactory() - Initialized JPA EntityManagerFactory for persistence unit 'default'
[[32mINFO [m] 2019-07-11 17:00:45,352 OptionalLiveReloadServer.startServer() - LiveReload server is running on port 35729
[[32mINFO [m] 2019-07-11 17:00:45,494 StatisticalLoggingSessionEventListener.end() - Session Metrics {
    0 nanoseconds spent acquiring 0 JDBC connections;
    0 nanoseconds spent releasing 0 JDBC connections;
    0 nanoseconds spent preparing 0 JDBC statements;
    0 nanoseconds spent executing 0 JDBC statements;
    0 nanoseconds spent executing 0 JDBC batches;
    0 nanoseconds spent performing 0 L2C puts;
    0 nanoseconds spent performing 0 L2C hits;
    0 nanoseconds spent performing 0 L2C misses;
    0 nanoseconds spent executing 0 flushes (flushing a total of 0 entities and 0 collections);
    0 nanoseconds spent executing 0 partial-flushes (flushing a total of 0 entities and 0 collections)
}
[[32mINFO [m] 2019-07-11 17:00:45,496 StatisticalLoggingSessionEventListener.end() - Session Metrics {
    0 nanoseconds spent acquiring 0 JDBC connections;
    0 nanoseconds spent releasing 0 JDBC connections;
    0 nanoseconds spent preparing 0 JDBC statements;
    0 nanoseconds spent executing 0 JDBC statements;
    0 nanoseconds spent executing 0 JDBC batches;
    0 nanoseconds spent performing 0 L2C puts;
    0 nanoseconds spent performing 0 L2C hits;
    0 nanoseconds spent performing 0 L2C misses;
    0 nanoseconds spent executing 0 flushes (flushing a total of 0 entities and 0 collections);
    0 nanoseconds spent executing 0 partial-flushes (flushing a total of 0 entities and 0 collections)
}
[[32mINFO [m] 2019-07-11 17:00:45,547 StatisticalLoggingSessionEventListener.end() - Session Metrics {
    0 nanoseconds spent acquiring 0 JDBC connections;
    0 nanoseconds spent releasing 0 JDBC connections;
    0 nanoseconds spent preparing 0 JDBC statements;
    0 nanoseconds spent executing 0 JDBC statements;
    0 nanoseconds spent executing 0 JDBC batches;
    0 nanoseconds spent performing 0 L2C puts;
    0 nanoseconds spent performing 0 L2C hits;
    0 nanoseconds spent performing 0 L2C misses;
    0 nanoseconds spent executing 0 flushes (flushing a total of 0 entities and 0 collections);
    0 nanoseconds spent executing 0 partial-flushes (flushing a total of 0 entities and 0 collections)
}
[[32mINFO [m] 2019-07-11 17:00:45,575 StatisticalLoggingSessionEventListener.end() - Session Metrics {
    0 nanoseconds spent acquiring 0 JDBC connections;
    0 nanoseconds spent releasing 0 JDBC connections;
    0 nanoseconds spent preparing 0 JDBC statements;
    0 nanoseconds spent executing 0 JDBC statements;
    0 nanoseconds spent executing 0 JDBC batches;
    0 nanoseconds spent performing 0 L2C puts;
    0 nanoseconds spent performing 0 L2C hits;
    0 nanoseconds spent performing 0 L2C misses;
    0 nanoseconds spent executing 0 flushes (flushing a total of 0 entities and 0 collections);
    0 nanoseconds spent executing 0 partial-flushes (flushing a total of 0 entities and 0 collections)
}
[[32mINFO [m] 2019-07-11 17:00:45,595 StatisticalLoggingSessionEventListener.end() - Session Metrics {
    0 nanoseconds spent acquiring 0 JDBC connections;
    0 nanoseconds spent releasing 0 JDBC connections;
    0 nanoseconds spent preparing 0 JDBC statements;
    0 nanoseconds spent executing 0 JDBC statements;
    0 nanoseconds spent executing 0 JDBC batches;
    0 nanoseconds spent performing 0 L2C puts;
    0 nanoseconds spent performing 0 L2C hits;
    0 nanoseconds spent performing 0 L2C misses;
    0 nanoseconds spent executing 0 flushes (flushing a total of 0 entities and 0 collections);
    0 nanoseconds spent executing 0 partial-flushes (flushing a total of 0 entities and 0 collections)
}
[[32mINFO [m] 2019-07-11 17:00:45,597 StatisticalLoggingSessionEventListener.end() - Session Metrics {
    0 nanoseconds spent acquiring 0 JDBC connections;
    0 nanoseconds spent releasing 0 JDBC connections;
    0 nanoseconds spent preparing 0 JDBC statements;
    0 nanoseconds spent executing 0 JDBC statements;
    0 nanoseconds spent executing 0 JDBC batches;
    0 nanoseconds spent performing 0 L2C puts;
    0 nanoseconds spent performing 0 L2C hits;
    0 nanoseconds spent performing 0 L2C misses;
    0 nanoseconds spent executing 0 flushes (flushing a total of 0 entities and 0 collections);
    0 nanoseconds spent executing 0 partial-flushes (flushing a total of 0 entities and 0 collections)
}
[[32mINFO [m] 2019-07-11 17:00:45,644 StatisticalLoggingSessionEventListener.end() - Session Metrics {
    0 nanoseconds spent acquiring 0 JDBC connections;
    0 nanoseconds spent releasing 0 JDBC connections;
    0 nanoseconds spent preparing 0 JDBC statements;
    0 nanoseconds spent executing 0 JDBC statements;
    0 nanoseconds spent executing 0 JDBC batches;
    0 nanoseconds spent performing 0 L2C puts;
    0 nanoseconds spent performing 0 L2C hits;
    0 nanoseconds spent performing 0 L2C misses;
    0 nanoseconds spent executing 0 flushes (flushing a total of 0 entities and 0 collections);
    0 nanoseconds spent executing 0 partial-flushes (flushing a total of 0 entities and 0 collections)
}
[[32mINFO [m] 2019-07-11 17:00:45,645 StatisticalLoggingSessionEventListener.end() - Session Metrics {
    0 nanoseconds spent acquiring 0 JDBC connections;
    0 nanoseconds spent releasing 0 JDBC connections;
    0 nanoseconds spent preparing 0 JDBC statements;
    0 nanoseconds spent executing 0 JDBC statements;
    0 nanoseconds spent executing 0 JDBC batches;
    0 nanoseconds spent performing 0 L2C puts;
    0 nanoseconds spent performing 0 L2C hits;
    0 nanoseconds spent performing 0 L2C misses;
    0 nanoseconds spent executing 0 flushes (flushing a total of 0 entities and 0 collections);
    0 nanoseconds spent executing 0 partial-flushes (flushing a total of 0 entities and 0 collections)
}
[[32mINFO [m] 2019-07-11 17:00:45,663 StatisticalLoggingSessionEventListener.end() - Session Metrics {
    0 nanoseconds spent acquiring 0 JDBC connections;
    0 nanoseconds spent releasing 0 JDBC connections;
    0 nanoseconds spent preparing 0 JDBC statements;
    0 nanoseconds spent executing 0 JDBC statements;
    0 nanoseconds spent executing 0 JDBC batches;
    0 nanoseconds spent performing 0 L2C puts;
    0 nanoseconds spent performing 0 L2C hits;
    0 nanoseconds spent performing 0 L2C misses;
    0 nanoseconds spent executing 0 flushes (flushing a total of 0 entities and 0 collections);
    0 nanoseconds spent executing 0 partial-flushes (flushing a total of 0 entities and 0 collections)
}
[[32mINFO [m] 2019-07-11 17:00:45,671 StatisticalLoggingSessionEventListener.end() - Session Metrics {
    0 nanoseconds spent acquiring 0 JDBC connections;
    0 nanoseconds spent releasing 0 JDBC connections;
    0 nanoseconds spent preparing 0 JDBC statements;
    0 nanoseconds spent executing 0 JDBC statements;
    0 nanoseconds spent executing 0 JDBC batches;
    0 nanoseconds spent performing 0 L2C puts;
    0 nanoseconds spent performing 0 L2C hits;
    0 nanoseconds spent performing 0 L2C misses;
    0 nanoseconds spent executing 0 flushes (flushing a total of 0 entities and 0 collections);
    0 nanoseconds spent executing 0 partial-flushes (flushing a total of 0 entities and 0 collections)
}
[[32mINFO [m] 2019-07-11 17:00:45,672 StatisticalLoggingSessionEventListener.end() - Session Metrics {
    0 nanoseconds spent acquiring 0 JDBC connections;
    0 nanoseconds spent releasing 0 JDBC connections;
    0 nanoseconds spent preparing 0 JDBC statements;
    0 nanoseconds spent executing 0 JDBC statements;
    0 nanoseconds spent executing 0 JDBC batches;
    0 nanoseconds spent performing 0 L2C puts;
    0 nanoseconds spent performing 0 L2C hits;
    0 nanoseconds spent performing 0 L2C misses;
    0 nanoseconds spent executing 0 flushes (flushing a total of 0 entities and 0 collections);
    0 nanoseconds spent executing 0 partial-flushes (flushing a total of 0 entities and 0 collections)
}
[[32mINFO [m] 2019-07-11 17:00:45,680 StatisticalLoggingSessionEventListener.end() - Session Metrics {
    0 nanoseconds spent acquiring 0 JDBC connections;
    0 nanoseconds spent releasing 0 JDBC connections;
    0 nanoseconds spent preparing 0 JDBC statements;
    0 nanoseconds spent executing 0 JDBC statements;
    0 nanoseconds spent executing 0 JDBC batches;
    0 nanoseconds spent performing 0 L2C puts;
    0 nanoseconds spent performing 0 L2C hits;
    0 nanoseconds spent performing 0 L2C misses;
    0 nanoseconds spent executing 0 flushes (flushing a total of 0 entities and 0 collections);
    0 nanoseconds spent executing 0 partial-flushes (flushing a total of 0 entities and 0 collections)
}
[[32mINFO [m] 2019-07-11 17:00:45,686 StatisticalLoggingSessionEventListener.end() - Session Metrics {
    0 nanoseconds spent acquiring 0 JDBC connections;
    0 nanoseconds spent releasing 0 JDBC connections;
    0 nanoseconds spent preparing 0 JDBC statements;
    0 nanoseconds spent executing 0 JDBC statements;
    0 nanoseconds spent executing 0 JDBC batches;
    0 nanoseconds spent performing 0 L2C puts;
    0 nanoseconds spent performing 0 L2C hits;
    0 nanoseconds spent performing 0 L2C misses;
    0 nanoseconds spent executing 0 flushes (flushing a total of 0 entities and 0 collections);
    0 nanoseconds spent executing 0 partial-flushes (flushing a total of 0 entities and 0 collections)
}
[[32mINFO [m] 2019-07-11 17:00:45,687 StatisticalLoggingSessionEventListener.end() - Session Metrics {
    0 nanoseconds spent acquiring 0 JDBC connections;
    0 nanoseconds spent releasing 0 JDBC connections;
    0 nanoseconds spent preparing 0 JDBC statements;
    0 nanoseconds spent executing 0 JDBC statements;
    0 nanoseconds spent executing 0 JDBC batches;
    0 nanoseconds spent performing 0 L2C puts;
    0 nanoseconds spent performing 0 L2C hits;
    0 nanoseconds spent performing 0 L2C misses;
    0 nanoseconds spent executing 0 flushes (flushing a total of 0 entities and 0 collections);
    0 nanoseconds spent executing 0 partial-flushes (flushing a total of 0 entities and 0 collections)
}
[[33mWARN [m] 2019-07-11 17:00:45,948 JpaBaseConfiguration$JpaWebConfiguration$JpaWebMvcConfiguration.openEntityManagerInViewInterceptor() - spring.jpa.open-in-view is enabled by default. Therefore, database queries may be performed during view rendering. Explicitly configure spring.jpa.open-in-view to disable this warning
[[32mINFO [m] 2019-07-11 17:00:46,074 PropertySourcedRequestMappingHandlerMapping.initHandlerMethods() - Mapped URL path [/v2/api-docs] onto method [public org.springframework.http.ResponseEntity<springfox.documentation.spring.web.json.Json> springfox.documentation.swagger2.web.Swagger2Controller.getDocumentation(java.lang.String,javax.servlet.http.HttpServletRequest)]
[[32mINFO [m] 2019-07-11 17:00:46,229 ThreadPoolTaskExecutor.initialize() - Initializing ExecutorService 'applicationTaskExecutor'
[[33mWARN [m] 2019-07-11 17:00:46,308 ThymeleafAutoConfiguration$DefaultTemplateResolverConfiguration.checkTemplateLocationExists() - Cannot find template location: classpath:/templates/ (please add some templates or check your Thymeleaf configuration)
[[32mINFO [m] 2019-07-11 17:00:46,488 DocumentationPluginsBootstrapper.start() - Context refreshed
[[32mINFO [m] 2019-07-11 17:00:46,707 DocumentationPluginsBootstrapper.start() - Found 1 custom documentation plugin(s)
[[32mINFO [m] 2019-07-11 17:00:46,746 ApiListingReferenceScanner.scan() - Scanning for api listing references
[[32mINFO [m] 2019-07-11 17:00:46,951 Http11NioProtocol.log() - Starting ProtocolHandler ["http-nio-8080"]
[[32mINFO [m] 2019-07-11 17:00:46,991 TomcatWebServer.start() - Tomcat started on port(s): 8080 (http) with context path ''
[[32mINFO [m] 2019-07-11 17:00:46,995 GaokaoApplication.logStarted() - Started GaokaoApplication in 5.497 seconds (JVM running for 6.637)
[[32mINFO [m] 2019-07-11 17:01:21,223 [/].log() - Initializing Spring DispatcherServlet 'dispatcherServlet'
[[32mINFO [m] 2019-07-11 17:01:21,223 DispatcherServlet.initServletBean() - Initializing Servlet 'dispatcherServlet'
[[32mINFO [m] 2019-07-11 17:01:21,234 DispatcherServlet.initServletBean() - Completed initialization in 10 ms
[[32mINFO [m] 2019-07-11 17:01:30,665 QueryTranslatorFactoryInitiator.initiateService() - HHH000397: Using ASTQueryTranslatorFactory
[[32mINFO [m] 2019-07-11 17:01:30,839 StatisticalLoggingSessionEventListener.end() - Session Metrics {
    1178151 nanoseconds spent acquiring 1 JDBC connections;
    0 nanoseconds spent releasing 0 JDBC connections;
    5300228 nanoseconds spent preparing 1 JDBC statements;
    5418087 nanoseconds spent executing 1 JDBC statements;
    0 nanoseconds spent executing 0 JDBC batches;
    0 nanoseconds spent performing 0 L2C puts;
    0 nanoseconds spent performing 0 L2C hits;
    0 nanoseconds spent performing 0 L2C misses;
    0 nanoseconds spent executing 0 flushes (flushing a total of 0 entities and 0 collections);
    0 nanoseconds spent executing 0 partial-flushes (flushing a total of 0 entities and 0 collections)
}
[[33mWARN [m] 2019-07-11 18:13:59,006 HikariPool.run() - HikariPool-1 - Thread starvation or clock leap detected (housekeeper delta=1h14s604ms).
[[33mWARN [m] 2019-07-11 18:54:37,536 HikariPool.run() - HikariPool-1 - Thread starvation or clock leap detected (housekeeper delta=40m8s551ms).
[[33mWARN [m] 2019-07-11 19:31:29,685 HikariPool.run() - HikariPool-1 - Thread starvation or clock leap detected (housekeeper delta=34m52s128ms).
[[33mWARN [m] 2019-07-11 20:07:32,579 HikariPool.run() - HikariPool-1 - Thread starvation or clock leap detected (housekeeper delta=35m2s710ms).
[[33mWARN [m] 2019-07-11 22:08:30,584 HikariPool.run() - HikariPool-1 - Thread starvation or clock leap detected (housekeeper delta=2h28s38ms).
[[33mWARN [m] 2019-07-11 23:38:59,478 HikariPool.run() - HikariPool-1 - Thread starvation or clock leap detected (housekeeper delta=1h29m28s893ms).
